#
# There is insufficient memory for the Java Runtime Environment to continue.
# Native memory allocation (malloc) failed to allocate 32744 bytes for ChunkPool::allocate
# Possible reasons:
#   The system is out of physical RAM or swap space
#   The process is running with CompressedOops enabled, and the Java Heap may be blocking the growth of the native heap
# Possible solutions:
#   Reduce memory load on the system
#   Increase physical memory or swap space
#   Check if swap backing store is full
#   Decrease Java heap size (-Xmx/-Xms)
#   Decrease number of Java threads
#   Decrease Java thread stack sizes (-Xss)
#   Set larger code cache with -XX:ReservedCodeCacheSize=
#   JVM is running with Unscaled Compressed Oops mode in which the Java heap is
#     placed in the first 4GB address space. The Java Heap base address is the
#     maximum limit for the native heap growth. Please use -XX:HeapBaseMinAddress
#     to set the Java Heap base and to place the Java Heap above 4GB virtual address.
# This output file may be truncated or incomplete.
#
#  Out of Memory Error (./src/hotspot/share/memory/arena.cpp:81), pid=15416, tid=8172
#
# JRE version: OpenJDK Runtime Environment (11.0.12+7) (build 11.0.12+7-b1504.28-7817840)
# Java VM: OpenJDK 64-Bit Server VM (11.0.12+7-b1504.28-7817840, mixed mode, tiered, compressed oops, g1 gc, windows-amd64)
# No core dump will be written. Minidumps are not enabled by default on client versions of Windows
#

---------------  S U M M A R Y ------------

Command Line: --add-opens=java.base/java.util=ALL-UNNAMED --add-opens=java.base/java.lang=ALL-UNNAMED --add-opens=java.base/java.lang.invoke=ALL-UNNAMED --add-opens=java.base/java.util=ALL-UNNAMED --add-opens=java.prefs/java.util.prefs=ALL-UNNAMED --add-opens=java.prefs/java.util.prefs=ALL-UNNAMED --add-opens=java.base/java.nio.charset=ALL-UNNAMED --add-opens=java.base/java.net=ALL-UNNAMED --add-opens=java.base/java.util.concurrent.atomic=ALL-UNNAMED -Xmx2048m -Dfile.encoding=UTF-8 -Duser.country=TR -Duser.language=tr -Duser.variant org.gradle.launcher.daemon.bootstrap.GradleDaemon 7.3.3

Host: Intel(R) Core(TM) i5-7200U CPU @ 2.50GHz, 4 cores, 7G,  Windows 10 , 64 bit Build 19041 (10.0.19041.2364)
Time: Thu Feb  9 23:45:19 2023 Türkiye Standart Saati elapsed time: 70.623249 seconds (0d 0h 1m 10s)

---------------  T H R E A D  ---------------

Current thread (0x00000222a7743800):  JavaThread "C2 CompilerThread0" daemon [_thread_in_native, id=8172, stack(0x000000f13d800000,0x000000f13d900000)]


Current CompileTask:
C2:  70623 11429       4       sun.invoke.util.BytecodeDescriptor::unparse (37 bytes)

Stack: [0x000000f13d800000,0x000000f13d900000]
Native frames: (J=compiled Java code, j=interpreted, Vv=VM code, C=native code)
V  [jvm.dll+0x5fbcea]
V  [jvm.dll+0x731905]
V  [jvm.dll+0x732f1d]
V  [jvm.dll+0x7335d3]
V  [jvm.dll+0x247bf8]
V  [jvm.dll+0xc041b]
V  [jvm.dll+0xc06cc]
V  [jvm.dll+0xc02cc]
V  [jvm.dll+0x6282e0]
V  [jvm.dll+0x62c3fe]
V  [jvm.dll+0x19d188]
V  [jvm.dll+0x20070e]
V  [jvm.dll+0x1ff794]
V  [jvm.dll+0x18868c]
V  [jvm.dll+0x20e0d7]
V  [jvm.dll+0x20c901]
V  [jvm.dll+0x6f9b7f]
V  [jvm.dll+0x6f26a5]
V  [jvm.dll+0x5fabf6]
C  [ucrtbase.dll+0x21bb2]
C  [KERNEL32.DLL+0x17614]
C  [ntdll.dll+0x526a1]


---------------  P R O C E S S  ---------------

Threads class SMR info:
_java_thread_list=0x00000222aec85e40, length=85, elements={
0x000002228d1d9800, 0x00000222a6dce800, 0x00000222a6dda800, 0x00000222a773d000,
0x00000222a773e000, 0x00000222a773f800, 0x00000222a7743800, 0x00000222a6de8000,
0x00000222a7788800, 0x00000222a789f800, 0x00000222a9d7d800, 0x00000222a99d0000,
0x00000222a7c9b800, 0x00000222a8168000, 0x00000222a8168800, 0x00000222a8890800,
0x00000222a79fa800, 0x00000222a79fb800, 0x00000222a84bb800, 0x00000222a885b000,
0x00000222a885c800, 0x00000222a885c000, 0x00000222a885d800, 0x00000222ab889000,
0x00000222ab88c800, 0x00000222ab888800, 0x00000222ab88d000, 0x00000222ab88b800,
0x00000222ab88e000, 0x00000222ab88f000, 0x00000222ab88a000, 0x00000222ab88f800,
0x00000222ab894800, 0x00000222ab893800, 0x00000222ab895800, 0x00000222ab896000,
0x00000222ab897000, 0x00000222ab891000, 0x00000222ab892000, 0x00000222ab893000,
0x00000222ac494000, 0x00000222ac49b000, 0x00000222ac496000, 0x00000222ac496800,
0x00000222ac497800, 0x00000222ac498800, 0x00000222ac499000, 0x00000222ac49a000,
0x00000222ac495000, 0x00000222ac49e000, 0x00000222ac49b800, 0x00000222ac49f800,
0x00000222ac4a1800, 0x00000222ac49d000, 0x00000222ac4a2000, 0x00000222ac49c800,
0x00000222ac4a3000, 0x00000222ac49f000, 0x00000222ac4a0800, 0x00000222aa0e9800,
0x00000222aa0ea800, 0x00000222aa0eb000, 0x00000222aa0e6800, 0x00000222aa0ec000,
0x00000222aa0ed000, 0x00000222aa0e7000, 0x00000222aa0e8000, 0x00000222aa0ed800,
0x00000222aa0e8800, 0x00000222aa0f2800, 0x00000222aa0f3800, 0x00000222aa0ef800,
0x00000222aa0f4000, 0x00000222aa0f1000, 0x00000222aa0ee800, 0x00000222aa0f5000,
0x00000222aa0f1800, 0x00000222aa0f0000, 0x00000222abf7c800, 0x00000222abf7e000,
0x00000222abf80800, 0x00000222abf7f000, 0x00000222abf81800, 0x00000222abf80000,
0x00000222abf7c000
}

Java Threads: ( => current thread )
  0x000002228d1d9800 JavaThread "main" [_thread_blocked, id=17796, stack(0x000000f13cc00000,0x000000f13cd00000)]
  0x00000222a6dce800 JavaThread "Reference Handler" daemon [_thread_blocked, id=10124, stack(0x000000f13d300000,0x000000f13d400000)]
  0x00000222a6dda800 JavaThread "Finalizer" daemon [_thread_blocked, id=8000, stack(0x000000f13d400000,0x000000f13d500000)]
  0x00000222a773d000 JavaThread "Signal Dispatcher" daemon [_thread_blocked, id=16328, stack(0x000000f13d500000,0x000000f13d600000)]
  0x00000222a773e000 JavaThread "Attach Listener" daemon [_thread_blocked, id=9612, stack(0x000000f13d600000,0x000000f13d700000)]
  0x00000222a773f800 JavaThread "Service Thread" daemon [_thread_blocked, id=18416, stack(0x000000f13d700000,0x000000f13d800000)]
=>0x00000222a7743800 JavaThread "C2 CompilerThread0" daemon [_thread_in_native, id=8172, stack(0x000000f13d800000,0x000000f13d900000)]
  0x00000222a6de8000 JavaThread "C1 CompilerThread0" daemon [_thread_blocked, id=15900, stack(0x000000f13d900000,0x000000f13da00000)]
  0x00000222a7788800 JavaThread "Sweeper thread" daemon [_thread_blocked, id=15376, stack(0x000000f13da00000,0x000000f13db00000)]
  0x00000222a789f800 JavaThread "Common-Cleaner" daemon [_thread_blocked, id=5048, stack(0x000000f13db00000,0x000000f13dc00000)]
  0x00000222a9d7d800 JavaThread "Daemon health stats" [_thread_blocked, id=16144, stack(0x000000f13df00000,0x000000f13e000000)]
  0x00000222a99d0000 JavaThread "Incoming local TCP Connector on port 64575" [_thread_in_native, id=16540, stack(0x000000f13e000000,0x000000f13e100000)]
  0x00000222a7c9b800 JavaThread "Daemon periodic checks" [_thread_blocked, id=7460, stack(0x000000f13e100000,0x000000f13e200000)]
  0x00000222a8168000 JavaThread "Daemon" [_thread_blocked, id=17192, stack(0x000000f13e200000,0x000000f13e300000)]
  0x00000222a8168800 JavaThread "Handler for socket connection from /127.0.0.1:64575 to /127.0.0.1:64576" [_thread_in_native, id=12868, stack(0x000000f13e300000,0x000000f13e400000)]
  0x00000222a8890800 JavaThread "Cancel handler" [_thread_blocked, id=7132, stack(0x000000f13e400000,0x000000f13e500000)]
  0x00000222a79fa800 JavaThread "Daemon worker" [_thread_in_vm, id=3812, stack(0x000000f13e500000,0x000000f13e600000)]
  0x00000222a79fb800 JavaThread "Asynchronous log dispatcher for DefaultDaemonConnection: socket connection from /127.0.0.1:64575 to /127.0.0.1:64576" [_thread_blocked, id=2128, stack(0x000000f13e600000,0x000000f13e700000)]
  0x00000222a84bb800 JavaThread "Stdin handler" [_thread_blocked, id=17900, stack(0x000000f13e700000,0x000000f13e800000)]
  0x00000222a885b000 JavaThread "Daemon client event forwarder" [_thread_blocked, id=7012, stack(0x000000f13e800000,0x000000f13e900000)]
  0x00000222a885c800 JavaThread "Cache worker for journal cache (C:\Users\HP\.gradle\caches\journal-1)" [_thread_blocked, id=15752, stack(0x000000f13ea00000,0x000000f13eb00000)]
  0x00000222a885c000 JavaThread "File lock request listener" [_thread_in_native, id=12824, stack(0x000000f13eb00000,0x000000f13ec00000)]
  0x00000222a885d800 JavaThread "Cache worker for file hash cache (C:\Users\HP\.gradle\caches\7.3.3\fileHashes)" [_thread_blocked, id=6708, stack(0x000000f13ec00000,0x000000f13ed00000)]
  0x00000222ab889000 JavaThread "Cache worker for file hash cache (C:\Users\HP\AndroidStudioProjects\kamera3\.gradle\7.3.3\fileHashes)" [_thread_blocked, id=13404, stack(0x000000f13ed00000,0x000000f13ee00000)]
  0x00000222ab88c800 JavaThread "File watcher server" daemon [_thread_in_native, id=15664, stack(0x000000f13ee00000,0x000000f13ef00000)]
  0x00000222ab888800 JavaThread "File watcher consumer" daemon [_thread_blocked, id=11640, stack(0x000000f13ef00000,0x000000f13f000000)]
  0x00000222ab88d000 JavaThread "Cache worker for checksums cache (C:\Users\HP\AndroidStudioProjects\kamera3\.gradle\7.3.3\checksums)" [_thread_blocked, id=18340, stack(0x000000f13f000000,0x000000f13f100000)]
  0x00000222ab88b800 JavaThread "Cache worker for cache directory md-supplier (C:\Users\HP\.gradle\caches\7.3.3\md-supplier)" [_thread_blocked, id=18332, stack(0x000000f13f100000,0x000000f13f200000)]
  0x00000222ab88e000 JavaThread "Cache worker for cache directory md-rule (C:\Users\HP\.gradle\caches\7.3.3\md-rule)" [_thread_blocked, id=18124, stack(0x000000f13f200000,0x000000f13f300000)]
  0x00000222ab88f000 JavaThread "Cache worker for execution history cache (C:\Users\HP\.gradle\caches\7.3.3\executionHistory)" [_thread_blocked, id=10216, stack(0x000000f13f300000,0x000000f13f400000)]
  0x00000222ab88a000 JavaThread "jar transforms" [_thread_blocked, id=16628, stack(0x000000f13f400000,0x000000f13f500000)]
  0x00000222ab88f800 JavaThread "Cache worker for file content cache (C:\Users\HP\.gradle\caches\7.3.3\fileContent)" [_thread_blocked, id=16856, stack(0x000000f13f500000,0x000000f13f600000)]
  0x00000222ab894800 JavaThread "jar transforms Thread 2" [_thread_blocked, id=15512, stack(0x000000f13f600000,0x000000f13f700000)]
  0x00000222ab893800 JavaThread "Cache worker for dependencies-accessors (C:\Users\HP\AndroidStudioProjects\kamera3\.gradle\7.3.3\dependencies-accessors)" [_thread_blocked, id=8432, stack(0x000000f13f700000,0x000000f13f800000)]
  0x00000222ab895800 JavaThread "jar transforms Thread 3" [_thread_blocked, id=15988, stack(0x000000f13f800000,0x000000f13f900000)]
  0x00000222ab896000 JavaThread "Cache worker for Build Output Cleanup Cache (C:\Users\HP\AndroidStudioProjects\kamera3\.gradle\buildOutputCleanup)" [_thread_blocked, id=15380, stack(0x000000f13f900000,0x000000f13fa00000)]
  0x00000222ab897000 JavaThread "Unconstrained build operations" [_thread_blocked, id=5932, stack(0x000000f13fa00000,0x000000f13fb00000)]
  0x00000222ab891000 JavaThread "Unconstrained build operations Thread 2" [_thread_blocked, id=16224, stack(0x000000f13fb00000,0x000000f13fc00000)]
  0x00000222ab892000 JavaThread "Unconstrained build operations Thread 3" [_thread_blocked, id=10460, stack(0x000000f13fc00000,0x000000f13fd00000)]
  0x00000222ab893000 JavaThread "Unconstrained build operations Thread 4" [_thread_blocked, id=12764, stack(0x000000f13fd00000,0x000000f13fe00000)]
  0x00000222ac494000 JavaThread "Unconstrained build operations Thread 5" [_thread_blocked, id=17588, stack(0x000000f13fe00000,0x000000f13ff00000)]
  0x00000222ac49b000 JavaThread "Unconstrained build operations Thread 6" [_thread_blocked, id=17616, stack(0x000000f13ff00000,0x000000f140000000)]
  0x00000222ac496000 JavaThread "Unconstrained build operations Thread 7" [_thread_blocked, id=564, stack(0x000000f140000000,0x000000f140100000)]
  0x00000222ac496800 JavaThread "Unconstrained build operations Thread 8" [_thread_blocked, id=17500, stack(0x000000f140100000,0x000000f140200000)]
  0x00000222ac497800 JavaThread "Unconstrained build operations Thread 9" [_thread_blocked, id=11284, stack(0x000000f140200000,0x000000f140300000)]
  0x00000222ac498800 JavaThread "Unconstrained build operations Thread 10" [_thread_blocked, id=16760, stack(0x000000f140300000,0x000000f140400000)]
  0x00000222ac499000 JavaThread "Unconstrained build operations Thread 11" [_thread_blocked, id=10376, stack(0x000000f140400000,0x000000f140500000)]
  0x00000222ac49a000 JavaThread "Unconstrained build operations Thread 12" [_thread_blocked, id=10588, stack(0x000000f140500000,0x000000f140600000)]
  0x00000222ac495000 JavaThread "Unconstrained build operations Thread 13" [_thread_blocked, id=8404, stack(0x000000f140600000,0x000000f140700000)]
  0x00000222ac49e000 JavaThread "Unconstrained build operations Thread 14" [_thread_blocked, id=10384, stack(0x000000f140700000,0x000000f140800000)]
  0x00000222ac49b800 JavaThread "Unconstrained build operations Thread 15" [_thread_blocked, id=17424, stack(0x000000f140800000,0x000000f140900000)]
  0x00000222ac49f800 JavaThread "Unconstrained build operations Thread 16" [_thread_blocked, id=10988, stack(0x000000f140900000,0x000000f140a00000)]
  0x00000222ac4a1800 JavaThread "Unconstrained build operations Thread 17" [_thread_blocked, id=9980, stack(0x000000f140a00000,0x000000f140b00000)]
  0x00000222ac49d000 JavaThread "Unconstrained build operations Thread 18" [_thread_blocked, id=11688, stack(0x000000f140b00000,0x000000f140c00000)]
  0x00000222ac4a2000 JavaThread "Unconstrained build operations Thread 19" [_thread_blocked, id=15400, stack(0x000000f140c00000,0x000000f140d00000)]
  0x00000222ac49c800 JavaThread "Unconstrained build operations Thread 20" [_thread_blocked, id=12624, stack(0x000000f140d00000,0x000000f140e00000)]
  0x00000222ac4a3000 JavaThread "Unconstrained build operations Thread 21" [_thread_blocked, id=17700, stack(0x000000f140e00000,0x000000f140f00000)]
  0x00000222ac49f000 JavaThread "Unconstrained build operations Thread 22" [_thread_blocked, id=14780, stack(0x000000f140f00000,0x000000f141000000)]
  0x00000222ac4a0800 JavaThread "Unconstrained build operations Thread 23" [_thread_blocked, id=2184, stack(0x000000f141000000,0x000000f141100000)]
  0x00000222aa0e9800 JavaThread "Unconstrained build operations Thread 24" [_thread_blocked, id=17460, stack(0x000000f141100000,0x000000f141200000)]
  0x00000222aa0ea800 JavaThread "Unconstrained build operations Thread 25" [_thread_blocked, id=16484, stack(0x000000f141200000,0x000000f141300000)]
  0x00000222aa0eb000 JavaThread "Unconstrained build operations Thread 26" [_thread_blocked, id=16500, stack(0x000000f141300000,0x000000f141400000)]
  0x00000222aa0e6800 JavaThread "Unconstrained build operations Thread 27" [_thread_blocked, id=15524, stack(0x000000f141400000,0x000000f141500000)]
  0x00000222aa0ec000 JavaThread "Unconstrained build operations Thread 28" [_thread_blocked, id=11540, stack(0x000000f141500000,0x000000f141600000)]
  0x00000222aa0ed000 JavaThread "Unconstrained build operations Thread 29" [_thread_blocked, id=16748, stack(0x000000f141600000,0x000000f141700000)]
  0x00000222aa0e7000 JavaThread "Unconstrained build operations Thread 30" [_thread_blocked, id=3672, stack(0x000000f141700000,0x000000f141800000)]
  0x00000222aa0e8000 JavaThread "Unconstrained build operations Thread 31" [_thread_blocked, id=13968, stack(0x000000f141800000,0x000000f141900000)]
  0x00000222aa0ed800 JavaThread "Unconstrained build operations Thread 32" [_thread_blocked, id=1192, stack(0x000000f141900000,0x000000f141a00000)]
  0x00000222aa0e8800 JavaThread "Unconstrained build operations Thread 33" [_thread_blocked, id=16828, stack(0x000000f141a00000,0x000000f141b00000)]
  0x00000222aa0f2800 JavaThread "Unconstrained build operations Thread 34" [_thread_blocked, id=2056, stack(0x000000f141b00000,0x000000f141c00000)]
  0x00000222aa0f3800 JavaThread "Unconstrained build operations Thread 35" [_thread_blocked, id=17032, stack(0x000000f141c00000,0x000000f141d00000)]
  0x00000222aa0ef800 JavaThread "Unconstrained build operations Thread 36" [_thread_blocked, id=17912, stack(0x000000f141d00000,0x000000f141e00000)]
  0x00000222aa0f4000 JavaThread "Unconstrained build operations Thread 37" [_thread_blocked, id=2500, stack(0x000000f141e00000,0x000000f141f00000)]
  0x00000222aa0f1000 JavaThread "Unconstrained build operations Thread 38" [_thread_blocked, id=17088, stack(0x000000f141f00000,0x000000f142000000)]
  0x00000222aa0ee800 JavaThread "Unconstrained build operations Thread 39" [_thread_blocked, id=10196, stack(0x000000f142000000,0x000000f142100000)]
  0x00000222aa0f5000 JavaThread "Unconstrained build operations Thread 40" [_thread_blocked, id=15616, stack(0x000000f142100000,0x000000f142200000)]
  0x00000222aa0f1800 JavaThread "jar transforms Thread 4" [_thread_blocked, id=13040, stack(0x000000f142200000,0x000000f142300000)]
  0x00000222aa0f0000 JavaThread "Memory manager" [_thread_blocked, id=17392, stack(0x000000f142300000,0x000000f142400000)]
  0x00000222abf7c800 JavaThread "build event listener" [_thread_blocked, id=804, stack(0x000000f142400000,0x000000f142500000)]
  0x00000222abf7e000 JavaThread "build event listener" [_thread_blocked, id=2468, stack(0x000000f142700000,0x000000f142800000)]
  0x00000222abf80800 JavaThread "Execution worker for ':'" [_thread_blocked, id=2548, stack(0x000000f142800000,0x000000f142900000)]
  0x00000222abf7f000 JavaThread "Execution worker for ':' Thread 2" [_thread_blocked, id=15048, stack(0x000000f142900000,0x000000f142a00000)]
  0x00000222abf81800 JavaThread "Execution worker for ':' Thread 3" [_thread_blocked, id=16944, stack(0x000000f142a00000,0x000000f142b00000)]
  0x00000222abf80000 JavaThread "Cache worker for execution history cache (C:\Users\HP\AndroidStudioProjects\kamera3\.gradle\7.3.3\executionHistory)" [_thread_blocked, id=18360, stack(0x000000f142b00000,0x000000f142c00000)]
  0x00000222abf7c000 JavaThread "RMI Scheduler(0)" daemon [_thread_blocked, id=15976, stack(0x000000f13c900000,0x000000f13ca00000)]

Other Threads:
  0x00000222a6dcc000 VMThread "VM Thread" [stack: 0x000000f13d200000,0x000000f13d300000] [id=17164]
  0x00000222a78c7000 WatcherThread [stack: 0x000000f13dc00000,0x000000f13dd00000] [id=588]
  0x000002228d1f3800 GCTaskThread "GC Thread#0" [stack: 0x000000f13cd00000,0x000000f13ce00000] [id=9284]
  0x00000222a7dcd000 GCTaskThread "GC Thread#1" [stack: 0x000000f13dd00000,0x000000f13de00000] [id=13360]
  0x00000222a7d28800 GCTaskThread "GC Thread#2" [stack: 0x000000f13de00000,0x000000f13df00000] [id=2832]
  0x00000222a84bc000 GCTaskThread "GC Thread#3" [stack: 0x000000f13e900000,0x000000f13ea00000] [id=12872]
  0x000002228d227000 ConcurrentGCThread "G1 Main Marker" [stack: 0x000000f13ce00000,0x000000f13cf00000] [id=15960]
  0x000002228d228000 ConcurrentGCThread "G1 Conc#0" [stack: 0x000000f13cf00000,0x000000f13d000000] [id=9124]
  0x00000222a6c1a800 ConcurrentGCThread "G1 Refine#0" [stack: 0x000000f13d000000,0x000000f13d100000] [id=8216]
  0x00000222a6c1b000 ConcurrentGCThread "G1 Young RemSet Sampling" [stack: 0x000000f13d100000,0x000000f13d200000] [id=14416]

Threads with active compile tasks:
C2 CompilerThread0  70706 11429       4       sun.invoke.util.BytecodeDescriptor::unparse (37 bytes)

VM state:not at safepoint (normal execution)

VM Mutex/Monitor currently owned by a thread: None

Heap address: 0x0000000080000000, size: 2048 MB, Compressed Oops mode: 32-bit
Narrow klass base: 0x0000000000000000, Narrow klass shift: 3
Compressed class space size: 1073741824 Address: 0x0000000100000000

Heap:
 garbage-first heap   total 131072K, used 92989K [0x0000000080000000, 0x0000000100000000)
  region size 1024K, 11 young (11264K), 4 survivors (4096K)
 Metaspace       used 94567K, capacity 96825K, committed 96976K, reserved 1132544K
  class space    used 12300K, capacity 13124K, committed 13132K, reserved 1048576K
Heap Regions: E=young(eden), S=young(survivor), O=old, HS=humongous(starts), HC=humongous(continues), CS=collection set, F=free, A=archive, TAMS=top-at-mark-start (previous, next)
|   0|0x0000000080000000, 0x0000000080100000, 0x0000000080100000|100%| O|  |TAMS 0x0000000080100000, 0x0000000080000000| Untracked 
|   1|0x0000000080100000, 0x0000000080200000, 0x0000000080200000|100%| O|  |TAMS 0x0000000080200000, 0x0000000080100000| Untracked 
|   2|0x0000000080200000, 0x0000000080300000, 0x0000000080300000|100%| O|  |TAMS 0x0000000080300000, 0x0000000080200000| Untracked 
|   3|0x0000000080300000, 0x0000000080400000, 0x0000000080400000|100%|HS|  |TAMS 0x0000000080400000, 0x0000000080300000| Complete 
|   4|0x0000000080400000, 0x0000000080500000, 0x0000000080500000|100%|HC|  |TAMS 0x0000000080500000, 0x0000000080400000| Complete 
|   5|0x0000000080500000, 0x0000000080600000, 0x0000000080600000|100%|HC|  |TAMS 0x0000000080600000, 0x0000000080500000| Complete 
|   6|0x0000000080600000, 0x0000000080700000, 0x0000000080700000|100%| O|  |TAMS 0x0000000080700000, 0x0000000080600000| Untracked 
|   7|0x0000000080700000, 0x0000000080800000, 0x0000000080800000|100%| O|  |TAMS 0x0000000080800000, 0x0000000080700000| Untracked 
|   8|0x0000000080800000, 0x0000000080900000, 0x0000000080900000|100%| O|  |TAMS 0x0000000080900000, 0x0000000080800000| Untracked 
|   9|0x0000000080900000, 0x0000000080a00000, 0x0000000080a00000|100%| O|  |TAMS 0x0000000080a00000, 0x0000000080900000| Untracked 
|  10|0x0000000080a00000, 0x0000000080b00000, 0x0000000080b00000|100%| O|  |TAMS 0x0000000080b00000, 0x0000000080a00000| Untracked 
|  11|0x0000000080b00000, 0x0000000080c00000, 0x0000000080c00000|100%| O|  |TAMS 0x0000000080c00000, 0x0000000080b00000| Untracked 
|  12|0x0000000080c00000, 0x0000000080d00000, 0x0000000080d00000|100%| O|  |TAMS 0x0000000080d00000, 0x0000000080c00000| Untracked 
|  13|0x0000000080d00000, 0x0000000080e00000, 0x0000000080e00000|100%| O|  |TAMS 0x0000000080e00000, 0x0000000080d00000| Untracked 
|  14|0x0000000080e00000, 0x0000000080f00000, 0x0000000080f00000|100%| O|  |TAMS 0x0000000080f00000, 0x0000000080e00000| Untracked 
|  15|0x0000000080f00000, 0x0000000081000000, 0x0000000081000000|100%| O|  |TAMS 0x0000000081000000, 0x0000000080f00000| Untracked 
|  16|0x0000000081000000, 0x0000000081100000, 0x0000000081100000|100%|HS|  |TAMS 0x0000000081100000, 0x0000000081000000| Complete 
|  17|0x0000000081100000, 0x0000000081200000, 0x0000000081200000|100%| O|  |TAMS 0x0000000081200000, 0x0000000081100000| Untracked 
|  18|0x0000000081200000, 0x0000000081300000, 0x0000000081300000|100%| O|  |TAMS 0x0000000081300000, 0x0000000081200000| Untracked 
|  19|0x0000000081300000, 0x0000000081400000, 0x0000000081400000|100%| O|  |TAMS 0x0000000081400000, 0x0000000081300000| Untracked 
|  20|0x0000000081400000, 0x0000000081500000, 0x0000000081500000|100%| O|  |TAMS 0x0000000081500000, 0x0000000081400000| Untracked 
|  21|0x0000000081500000, 0x0000000081600000, 0x0000000081600000|100%| O|  |TAMS 0x0000000081600000, 0x0000000081500000| Untracked 
|  22|0x0000000081600000, 0x0000000081700000, 0x0000000081700000|100%| O|  |TAMS 0x0000000081700000, 0x0000000081600000| Untracked 
|  23|0x0000000081700000, 0x0000000081800000, 0x0000000081800000|100%| O|  |TAMS 0x0000000081800000, 0x0000000081700000| Untracked 
|  24|0x0000000081800000, 0x0000000081900000, 0x0000000081900000|100%| O|  |TAMS 0x0000000081900000, 0x0000000081800000| Untracked 
|  25|0x0000000081900000, 0x0000000081a00000, 0x0000000081a00000|100%| O|  |TAMS 0x0000000081a00000, 0x0000000081900000| Untracked 
|  26|0x0000000081a00000, 0x0000000081b00000, 0x0000000081b00000|100%| O|  |TAMS 0x0000000081b00000, 0x0000000081a00000| Untracked 
|  27|0x0000000081b00000, 0x0000000081c00000, 0x0000000081c00000|100%| O|  |TAMS 0x0000000081c00000, 0x0000000081b00000| Untracked 
|  28|0x0000000081c00000, 0x0000000081d00000, 0x0000000081d00000|100%|HS|  |TAMS 0x0000000081d00000, 0x0000000081c00000| Complete 
|  29|0x0000000081d00000, 0x0000000081e00000, 0x0000000081e00000|100%|HS|  |TAMS 0x0000000081e00000, 0x0000000081d00000| Complete 
|  30|0x0000000081e00000, 0x0000000081f00000, 0x0000000081f00000|100%|HS|  |TAMS 0x0000000081f00000, 0x0000000081e00000| Complete 
|  31|0x0000000081f00000, 0x0000000082000000, 0x0000000082000000|100%|HC|  |TAMS 0x0000000082000000, 0x0000000081f00000| Complete 
|  32|0x0000000082000000, 0x0000000082100000, 0x0000000082100000|100%|HC|  |TAMS 0x0000000082100000, 0x0000000082000000| Complete 
|  33|0x0000000082100000, 0x0000000082200000, 0x0000000082200000|100%|HS|  |TAMS 0x0000000082200000, 0x0000000082100000| Complete 
|  34|0x0000000082200000, 0x0000000082300000, 0x0000000082300000|100%|HC|  |TAMS 0x0000000082300000, 0x0000000082200000| Complete 
|  35|0x0000000082300000, 0x0000000082400000, 0x0000000082400000|100%| O|  |TAMS 0x0000000082400000, 0x0000000082300000| Untracked 
|  36|0x0000000082400000, 0x0000000082500000, 0x0000000082500000|100%| O|  |TAMS 0x0000000082500000, 0x0000000082400000| Untracked 
|  37|0x0000000082500000, 0x0000000082600000, 0x0000000082600000|100%| O|  |TAMS 0x0000000082600000, 0x0000000082500000| Untracked 
|  38|0x0000000082600000, 0x0000000082700000, 0x0000000082700000|100%| O|  |TAMS 0x0000000082700000, 0x0000000082600000| Untracked 
|  39|0x0000000082700000, 0x0000000082800000, 0x0000000082800000|100%| O|  |TAMS 0x0000000082800000, 0x0000000082700000| Untracked 
|  40|0x0000000082800000, 0x0000000082900000, 0x0000000082900000|100%| O|  |TAMS 0x0000000082900000, 0x0000000082800000| Untracked 
|  41|0x0000000082900000, 0x0000000082a00000, 0x0000000082a00000|100%| O|  |TAMS 0x0000000082a00000, 0x0000000082900000| Untracked 
|  42|0x0000000082a00000, 0x0000000082b00000, 0x0000000082b00000|100%| O|  |TAMS 0x0000000082b00000, 0x0000000082a00000| Untracked 
|  43|0x0000000082b00000, 0x0000000082c00000, 0x0000000082c00000|100%| O|  |TAMS 0x0000000082c00000, 0x0000000082b00000| Untracked 
|  44|0x0000000082c00000, 0x0000000082d00000, 0x0000000082d00000|100%| O|  |TAMS 0x0000000082d00000, 0x0000000082c00000| Untracked 
|  45|0x0000000082d00000, 0x0000000082e00000, 0x0000000082e00000|100%| O|  |TAMS 0x0000000082e00000, 0x0000000082d00000| Untracked 
|  46|0x0000000082e00000, 0x0000000082f00000, 0x0000000082f00000|100%| O|  |TAMS 0x0000000082f00000, 0x0000000082e00000| Untracked 
|  47|0x0000000082f00000, 0x0000000083000000, 0x0000000083000000|100%| O|  |TAMS 0x0000000083000000, 0x0000000082f00000| Untracked 
|  48|0x0000000083000000, 0x0000000083100000, 0x0000000083100000|100%| O|  |TAMS 0x0000000083100000, 0x0000000083000000| Untracked 
|  49|0x0000000083100000, 0x0000000083200000, 0x0000000083200000|100%| O|  |TAMS 0x0000000083200000, 0x0000000083100000| Untracked 
|  50|0x0000000083200000, 0x0000000083300000, 0x0000000083300000|100%| O|  |TAMS 0x0000000083300000, 0x0000000083200000| Untracked 
|  51|0x0000000083300000, 0x0000000083400000, 0x0000000083400000|100%| O|  |TAMS 0x0000000083400000, 0x0000000083300000| Untracked 
|  52|0x0000000083400000, 0x0000000083500000, 0x0000000083500000|100%| O|  |TAMS 0x0000000083500000, 0x0000000083400000| Untracked 
|  53|0x0000000083500000, 0x0000000083600000, 0x0000000083600000|100%| O|  |TAMS 0x0000000083600000, 0x0000000083500000| Untracked 
|  54|0x0000000083600000, 0x0000000083700000, 0x0000000083700000|100%| O|  |TAMS 0x0000000083700000, 0x0000000083600000| Untracked 
|  55|0x0000000083700000, 0x0000000083800000, 0x0000000083800000|100%| O|  |TAMS 0x0000000083800000, 0x0000000083700000| Untracked 
|  56|0x0000000083800000, 0x0000000083900000, 0x0000000083900000|100%| O|  |TAMS 0x0000000083900000, 0x0000000083800000| Untracked 
|  57|0x0000000083900000, 0x0000000083a00000, 0x0000000083a00000|100%| O|  |TAMS 0x0000000083a00000, 0x0000000083900000| Untracked 
|  58|0x0000000083a00000, 0x0000000083b00000, 0x0000000083b00000|100%| O|  |TAMS 0x0000000083b00000, 0x0000000083a00000| Untracked 
|  59|0x0000000083b00000, 0x0000000083c00000, 0x0000000083c00000|100%| O|  |TAMS 0x0000000083c00000, 0x0000000083b00000| Untracked 
|  60|0x0000000083c00000, 0x0000000083d00000, 0x0000000083d00000|100%| O|  |TAMS 0x0000000083d00000, 0x0000000083c00000| Untracked 
|  61|0x0000000083d00000, 0x0000000083e00000, 0x0000000083e00000|100%| O|  |TAMS 0x0000000083e00000, 0x0000000083d00000| Untracked 
|  62|0x0000000083e00000, 0x0000000083f00000, 0x0000000083f00000|100%| O|  |TAMS 0x0000000083f00000, 0x0000000083e00000| Untracked 
|  63|0x0000000083f00000, 0x0000000084000000, 0x0000000084000000|100%| O|  |TAMS 0x0000000084000000, 0x0000000083f00000| Untracked 
|  64|0x0000000084000000, 0x0000000084100000, 0x0000000084100000|100%| O|  |TAMS 0x0000000084100000, 0x0000000084000000| Untracked 
|  65|0x0000000084100000, 0x0000000084200000, 0x0000000084200000|100%| O|  |TAMS 0x0000000084200000, 0x0000000084100000| Untracked 
|  66|0x0000000084200000, 0x0000000084300000, 0x0000000084300000|100%| O|  |TAMS 0x0000000084300000, 0x0000000084200000| Untracked 
|  67|0x0000000084300000, 0x0000000084400000, 0x0000000084400000|100%| O|  |TAMS 0x0000000084400000, 0x0000000084300000| Untracked 
|  68|0x0000000084400000, 0x0000000084500000, 0x0000000084500000|100%| O|  |TAMS 0x0000000084500000, 0x0000000084400000| Untracked 
|  69|0x0000000084500000, 0x0000000084600000, 0x0000000084600000|100%| O|  |TAMS 0x0000000084600000, 0x0000000084500000| Untracked 
|  70|0x0000000084600000, 0x0000000084700000, 0x0000000084700000|100%| O|  |TAMS 0x0000000084700000, 0x0000000084600000| Untracked 
|  71|0x0000000084700000, 0x0000000084800000, 0x0000000084800000|100%| O|  |TAMS 0x0000000084800000, 0x0000000084700000| Untracked 
|  72|0x0000000084800000, 0x0000000084900000, 0x0000000084900000|100%| O|  |TAMS 0x0000000084900000, 0x0000000084800000| Untracked 
|  73|0x0000000084900000, 0x0000000084a00000, 0x0000000084a00000|100%| O|  |TAMS 0x0000000084a00000, 0x0000000084900000| Untracked 
|  74|0x0000000084a00000, 0x0000000084b00000, 0x0000000084b00000|100%| O|  |TAMS 0x0000000084b00000, 0x0000000084a00000| Untracked 
|  75|0x0000000084b00000, 0x0000000084c00000, 0x0000000084c00000|100%| O|  |TAMS 0x0000000084c00000, 0x0000000084b00000| Untracked 
|  76|0x0000000084c00000, 0x0000000084d00000, 0x0000000084d00000|100%| O|  |TAMS 0x0000000084d00000, 0x0000000084c00000| Untracked 
|  77|0x0000000084d00000, 0x0000000084e00000, 0x0000000084e00000|100%| O|  |TAMS 0x0000000084e00000, 0x0000000084d00000| Untracked 
|  78|0x0000000084e00000, 0x0000000084f00000, 0x0000000084f00000|100%| O|  |TAMS 0x0000000084f00000, 0x0000000084e00000| Untracked 
|  79|0x0000000084f00000, 0x0000000085000000, 0x0000000085000000|100%| O|  |TAMS 0x0000000084f5fc00, 0x0000000084f00000| Untracked 
|  80|0x0000000085000000, 0x0000000085100000, 0x0000000085100000|100%| O|  |TAMS 0x0000000085000000, 0x0000000085000000| Untracked 
|  81|0x0000000085100000, 0x000000008511ec00, 0x0000000085200000| 12%| O|  |TAMS 0x0000000085100000, 0x0000000085100000| Untracked 
|  82|0x0000000085200000, 0x0000000085200000, 0x0000000085300000|  0%| F|  |TAMS 0x0000000085200000, 0x0000000085200000| Untracked 
|  83|0x0000000085300000, 0x0000000085300000, 0x0000000085400000|  0%| F|  |TAMS 0x0000000085300000, 0x0000000085300000| Untracked 
|  84|0x0000000085400000, 0x0000000085400000, 0x0000000085500000|  0%| F|  |TAMS 0x0000000085400000, 0x0000000085400000| Untracked 
|  85|0x0000000085500000, 0x0000000085500000, 0x0000000085600000|  0%| F|  |TAMS 0x0000000085500000, 0x0000000085500000| Untracked 
|  86|0x0000000085600000, 0x0000000085600000, 0x0000000085700000|  0%| F|  |TAMS 0x0000000085600000, 0x0000000085600000| Untracked 
|  87|0x0000000085700000, 0x0000000085700000, 0x0000000085800000|  0%| F|  |TAMS 0x0000000085700000, 0x0000000085700000| Untracked 
|  88|0x0000000085800000, 0x0000000085800000, 0x0000000085900000|  0%| F|  |TAMS 0x0000000085800000, 0x0000000085800000| Untracked 
|  89|0x0000000085900000, 0x0000000085900000, 0x0000000085a00000|  0%| F|  |TAMS 0x0000000085900000, 0x0000000085900000| Untracked 
|  90|0x0000000085a00000, 0x0000000085a00000, 0x0000000085b00000|  0%| F|  |TAMS 0x0000000085a00000, 0x0000000085a00000| Untracked 
|  91|0x0000000085b00000, 0x0000000085b00000, 0x0000000085c00000|  0%| F|  |TAMS 0x0000000085b00000, 0x0000000085b00000| Untracked 
|  92|0x0000000085c00000, 0x0000000085c00000, 0x0000000085d00000|  0%| F|  |TAMS 0x0000000085c00000, 0x0000000085c00000| Untracked 
|  93|0x0000000085d00000, 0x0000000085d00000, 0x0000000085e00000|  0%| F|  |TAMS 0x0000000085d00000, 0x0000000085d00000| Untracked 
|  94|0x0000000085e00000, 0x0000000085e00000, 0x0000000085f00000|  0%| F|  |TAMS 0x0000000085e00000, 0x0000000085e00000| Untracked 
|  95|0x0000000085f00000, 0x0000000085f00000, 0x0000000086000000|  0%| F|  |TAMS 0x0000000085f00000, 0x0000000085f00000| Untracked 
|  96|0x0000000086000000, 0x0000000086000000, 0x0000000086100000|  0%| F|  |TAMS 0x0000000086000000, 0x0000000086000000| Untracked 
|  97|0x0000000086100000, 0x0000000086100000, 0x0000000086200000|  0%| F|  |TAMS 0x0000000086100000, 0x0000000086100000| Untracked 
|  98|0x0000000086200000, 0x00000000862b09a0, 0x0000000086300000| 68%| S|CS|TAMS 0x0000000086200000, 0x0000000086200000| Complete 
|  99|0x0000000086300000, 0x0000000086400000, 0x0000000086400000|100%| S|CS|TAMS 0x0000000086300000, 0x0000000086300000| Complete 
| 100|0x0000000086400000, 0x0000000086500000, 0x0000000086500000|100%| S|CS|TAMS 0x0000000086400000, 0x0000000086400000| Complete 
| 101|0x0000000086500000, 0x0000000086600000, 0x0000000086600000|100%| S|CS|TAMS 0x0000000086500000, 0x0000000086500000| Complete 
| 102|0x0000000086600000, 0x0000000086600000, 0x0000000086700000|  0%| F|  |TAMS 0x0000000086600000, 0x0000000086600000| Untracked 
| 103|0x0000000086700000, 0x0000000086700000, 0x0000000086800000|  0%| F|  |TAMS 0x0000000086700000, 0x0000000086700000| Untracked 
| 104|0x0000000086800000, 0x0000000086800000, 0x0000000086900000|  0%| F|  |TAMS 0x0000000086800000, 0x0000000086800000| Untracked 
| 105|0x0000000086900000, 0x0000000086900000, 0x0000000086a00000|  0%| F|  |TAMS 0x0000000086900000, 0x0000000086900000| Untracked 
| 106|0x0000000086a00000, 0x0000000086a00000, 0x0000000086b00000|  0%| F|  |TAMS 0x0000000086a00000, 0x0000000086a00000| Untracked 
| 107|0x0000000086b00000, 0x0000000086b00000, 0x0000000086c00000|  0%| F|  |TAMS 0x0000000086b00000, 0x0000000086b00000| Untracked 
| 108|0x0000000086c00000, 0x0000000086c00000, 0x0000000086d00000|  0%| F|  |TAMS 0x0000000086c00000, 0x0000000086c00000| Untracked 
| 109|0x0000000086d00000, 0x0000000086d00000, 0x0000000086e00000|  0%| F|  |TAMS 0x0000000086d00000, 0x0000000086d00000| Untracked 
| 110|0x0000000086e00000, 0x0000000086e00000, 0x0000000086f00000|  0%| F|  |TAMS 0x0000000086e00000, 0x0000000086e00000| Untracked 
| 111|0x0000000086f00000, 0x0000000086f00000, 0x0000000087000000|  0%| F|  |TAMS 0x0000000086f00000, 0x0000000086f00000| Untracked 
| 112|0x0000000087000000, 0x0000000087000000, 0x0000000087100000|  0%| F|  |TAMS 0x0000000087000000, 0x0000000087000000| Untracked 
| 113|0x0000000087100000, 0x0000000087100000, 0x0000000087200000|  0%| F|  |TAMS 0x0000000087100000, 0x0000000087100000| Untracked 
| 114|0x0000000087200000, 0x0000000087200000, 0x0000000087300000|  0%| F|  |TAMS 0x0000000087200000, 0x0000000087200000| Untracked 
| 115|0x0000000087300000, 0x0000000087300000, 0x0000000087400000|  0%| F|  |TAMS 0x0000000087300000, 0x0000000087300000| Untracked 
| 116|0x0000000087400000, 0x0000000087400000, 0x0000000087500000|  0%| F|  |TAMS 0x0000000087400000, 0x0000000087400000| Untracked 
| 117|0x0000000087500000, 0x0000000087500000, 0x0000000087600000|  0%| F|  |TAMS 0x0000000087500000, 0x0000000087500000| Untracked 
| 118|0x0000000087600000, 0x0000000087600000, 0x0000000087700000|  0%| F|  |TAMS 0x0000000087600000, 0x0000000087600000| Untracked 
| 119|0x0000000087700000, 0x0000000087700000, 0x0000000087800000|  0%| F|  |TAMS 0x0000000087700000, 0x0000000087700000| Untracked 
| 120|0x0000000087800000, 0x0000000087800000, 0x0000000087900000|  0%| F|  |TAMS 0x0000000087800000, 0x0000000087800000| Untracked 
| 121|0x0000000087900000, 0x00000000879673a8, 0x0000000087a00000| 40%| E|  |TAMS 0x0000000087900000, 0x0000000087900000| Complete 
| 122|0x0000000087a00000, 0x0000000087b00000, 0x0000000087b00000|100%| E|CS|TAMS 0x0000000087a00000, 0x0000000087a00000| Complete 
| 123|0x0000000087b00000, 0x0000000087c00000, 0x0000000087c00000|100%| E|CS|TAMS 0x0000000087b00000, 0x0000000087b00000| Complete 
| 124|0x0000000087c00000, 0x0000000087d00000, 0x0000000087d00000|100%| E|CS|TAMS 0x0000000087c00000, 0x0000000087c00000| Complete 
| 125|0x0000000087d00000, 0x0000000087e00000, 0x0000000087e00000|100%| E|CS|TAMS 0x0000000087d00000, 0x0000000087d00000| Complete 
| 126|0x0000000087e00000, 0x0000000087f00000, 0x0000000087f00000|100%| E|CS|TAMS 0x0000000087e00000, 0x0000000087e00000| Complete 
| 127|0x0000000087f00000, 0x0000000088000000, 0x0000000088000000|100%| E|CS|TAMS 0x0000000087f00000, 0x0000000087f00000| Complete 

Card table byte_map: [0x00000222a00d0000,0x00000222a04d0000] _byte_map_base: 0x000002229fcd0000

Marking Bits (Prev, Next): (CMBitMap*) 0x000002228d21e338, (CMBitMap*) 0x000002228d21e370
 Prev Bits: [0x00000222a08d0000, 0x00000222a28d0000)
 Next Bits: [0x00000222a28d0000, 0x00000222a48d0000)

Polling page: 0x000002228c9a0000

Metaspace:

Usage:
  Non-class:     81.74 MB capacity,    80.35 MB ( 98%) used,     1.14 MB (  1%) free+waste,   266.50 KB ( <1%) overhead. 
      Class:     12.82 MB capacity,    12.01 MB ( 94%) used,   704.23 KB (  5%) free+waste,   119.13 KB ( <1%) overhead. 
       Both:     94.56 MB capacity,    92.36 MB ( 98%) used,     1.82 MB (  2%) free+waste,   385.63 KB ( <1%) overhead. 

Virtual space:
  Non-class space:       82.00 MB reserved,      81.88 MB (>99%) committed 
      Class space:        1.00 GB reserved,      12.82 MB (  1%) committed 
             Both:        1.08 GB reserved,      94.70 MB (  9%) committed 

Chunk freelists:
   Non-Class:  12.00 KB
       Class:  0 bytes
        Both:  12.00 KB

MaxMetaspaceSize: 17179869184.00 GB
CompressedClassSpaceSize: 1.00 GB
Initial GC threshold: 20.80 MB
Current GC threshold: 153.46 MB
CDS: off

CodeHeap 'non-profiled nmethods': size=120064Kb used=5767Kb max_used=5767Kb free=114296Kb
 bounds [0x0000022298790000, 0x0000022298d40000, 0x000002229fcd0000]
CodeHeap 'profiled nmethods': size=120000Kb used=23835Kb max_used=23835Kb free=96164Kb
 bounds [0x0000022291260000, 0x00000222929b0000, 0x0000022298790000]
CodeHeap 'non-nmethods': size=5696Kb used=2409Kb max_used=2439Kb free=3286Kb
 bounds [0x0000022290cd0000, 0x0000022290f40000, 0x0000022291260000]
 total_blobs=12211 nmethods=11275 adapters=848
 compilation: enabled
              stopped_count=0, restarted_count=0
 full_count=0

Compilation events (20 events):
Event: 67.339 Thread 0x00000222a6de8000 11420       1       java.lang.management.DefaultPlatformMBeanProvider$6::mbeanInterfaceNames (5 bytes)
Event: 67.339 Thread 0x00000222a6de8000 nmethod 11420 0x0000022298d2e210 code [0x0000022298d2e3c0, 0x0000022298d2e478]
Event: 70.382 Thread 0x00000222a6de8000 11421       3       java.util.Formatter::ensureOpen (16 bytes)
Event: 70.382 Thread 0x00000222a6de8000 nmethod 11421 0x0000022292988810 code [0x00000222929889e0, 0x0000022292988b88]
Event: 70.383 Thread 0x00000222a6de8000 11422       3       sun.util.locale.LocaleUtils::isAlphaNumericString (33 bytes)
Event: 70.384 Thread 0x00000222a6de8000 nmethod 11422 0x0000022292988c90 code [0x0000022292988f00, 0x0000022292989a18]
Event: 70.410 Thread 0x00000222a6de8000 11423       3       java.lang.invoke.ClassSpecializer$SpeciesData::getterFunction (78 bytes)
Event: 70.410 Thread 0x00000222a6de8000 nmethod 11423 0x0000022292989e10 code [0x0000022292989fe0, 0x000002229298a2a8]
Event: 70.411 Thread 0x00000222a6de8000 11424       3       java.lang.invoke.DirectMethodHandle::make (263 bytes)
Event: 70.413 Thread 0x00000222a6de8000 nmethod 11424 0x000002229298a390 code [0x000002229298a740, 0x000002229298bc88]
Event: 70.416 Thread 0x00000222a6de8000 11425       3       java.util.logging.LogManager$LoggerContext::requiresDefaultLoggers (29 bytes)
Event: 70.417 Thread 0x00000222a6de8000 nmethod 11425 0x000002229298c590 code [0x000002229298c760, 0x000002229298c968]
Event: 70.430 Thread 0x00000222a6de8000 11426       3       java.io.ExpiringCache::entryFor (57 bytes)
Event: 70.431 Thread 0x00000222a6de8000 nmethod 11426 0x000002229298ca90 code [0x000002229298cc80, 0x000002229298d138]
Event: 70.438 Thread 0x00000222a6de8000 11427       3       java.util.concurrent.ConcurrentHashMap::isEmpty (15 bytes)
Event: 70.438 Thread 0x00000222a6de8000 nmethod 11427 0x000002229298d290 code [0x000002229298d440, 0x000002229298d5c8]
Event: 70.598 Thread 0x00000222a7743800 11428       4       java.util.concurrent.ConcurrentHashMap$ValueIterator::next (34 bytes)
Event: 70.606 Thread 0x00000222a7743800 nmethod 11428 0x0000022298d2e510 code [0x0000022298d2e6c0, 0x0000022298d2eab8]
Event: 70.606 Thread 0x00000222a7743800 11429       4       sun.invoke.util.BytecodeDescriptor::unparse (37 bytes)
Event: 70.614 Thread 0x00000222a6de8000 11430   !   3       java.lang.reflect.ProxyGenerator::generateClassFile (691 bytes)

GC Heap History (20 events):
Event: 40.560 GC heap before
{Heap before GC invocations=19 (full 0):
 garbage-first heap   total 131072K, used 106695K [0x0000000080000000, 0x0000000100000000)
  region size 1024K, 43 young (44032K), 3 survivors (3072K)
 Metaspace       used 77463K, capacity 79070K, committed 79312K, reserved 1118208K
  class space    used 10074K, capacity 10744K, committed 10828K, reserved 1048576K
}
Event: 40.575 GC heap after
{Heap after GC invocations=20 (full 0):
 garbage-first heap   total 131072K, used 67954K [0x0000000080000000, 0x0000000100000000)
  region size 1024K, 5 young (5120K), 5 survivors (5120K)
 Metaspace       used 77463K, capacity 79070K, committed 79312K, reserved 1118208K
  class space    used 10074K, capacity 10744K, committed 10828K, reserved 1048576K
}
Event: 41.908 GC heap before
{Heap before GC invocations=21 (full 0):
 garbage-first heap   total 131072K, used 107890K [0x0000000080000000, 0x0000000100000000)
  region size 1024K, 44 young (45056K), 5 survivors (5120K)
 Metaspace       used 81828K, capacity 83533K, committed 83792K, reserved 1122304K
  class space    used 10667K, capacity 11340K, committed 11468K, reserved 1048576K
}
Event: 41.920 GC heap after
{Heap after GC invocations=22 (full 0):
 garbage-first heap   total 131072K, used 70465K [0x0000000080000000, 0x0000000100000000)
  region size 1024K, 5 young (5120K), 5 survivors (5120K)
 Metaspace       used 81828K, capacity 83533K, committed 83792K, reserved 1122304K
  class space    used 10667K, capacity 11340K, committed 11468K, reserved 1048576K
}
Event: 46.717 GC heap before
{Heap before GC invocations=22 (full 0):
 garbage-first heap   total 131072K, used 109377K [0x0000000080000000, 0x0000000100000000)
  region size 1024K, 43 young (44032K), 5 survivors (5120K)
 Metaspace       used 84581K, capacity 86435K, committed 86736K, reserved 1124352K
  class space    used 11049K, capacity 11763K, committed 11852K, reserved 1048576K
}
Event: 46.736 GC heap after
{Heap after GC invocations=23 (full 0):
 garbage-first heap   total 131072K, used 73940K [0x0000000080000000, 0x0000000100000000)
  region size 1024K, 6 young (6144K), 6 survivors (6144K)
 Metaspace       used 84581K, capacity 86435K, committed 86736K, reserved 1124352K
  class space    used 11049K, capacity 11763K, committed 11852K, reserved 1048576K
}
Event: 50.217 GC heap before
{Heap before GC invocations=24 (full 0):
 garbage-first heap   total 131072K, used 107732K [0x0000000080000000, 0x0000000100000000)
  region size 1024K, 40 young (40960K), 6 survivors (6144K)
 Metaspace       used 85284K, capacity 87207K, committed 87376K, reserved 1124352K
  class space    used 11153K, capacity 11910K, committed 11980K, reserved 1048576K
}
Event: 50.237 GC heap after
{Heap after GC invocations=25 (full 0):
 garbage-first heap   total 131072K, used 76327K [0x0000000080000000, 0x0000000100000000)
  region size 1024K, 3 young (3072K), 3 survivors (3072K)
 Metaspace       used 85284K, capacity 87207K, committed 87376K, reserved 1124352K
  class space    used 11153K, capacity 11910K, committed 11980K, reserved 1048576K
}
Event: 58.389 GC heap before
{Heap before GC invocations=25 (full 0):
 garbage-first heap   total 131072K, used 109095K [0x0000000080000000, 0x0000000100000000)
  region size 1024K, 36 young (36864K), 3 survivors (3072K)
 Metaspace       used 85911K, capacity 87864K, committed 87888K, reserved 1126400K
  class space    used 11201K, capacity 11969K, committed 11980K, reserved 1048576K
}
Event: 58.399 GC heap after
{Heap after GC invocations=26 (full 0):
 garbage-first heap   total 131072K, used 78848K [0x0000000080000000, 0x0000000100000000)
  region size 1024K, 5 young (5120K), 5 survivors (5120K)
 Metaspace       used 85911K, capacity 87864K, committed 87888K, reserved 1126400K
  class space    used 11201K, capacity 11969K, committed 11980K, reserved 1048576K
}
Event: 60.032 GC heap before
{Heap before GC invocations=27 (full 0):
 garbage-first heap   total 131072K, used 109568K [0x0000000080000000, 0x0000000100000000)
  region size 1024K, 36 young (36864K), 5 survivors (5120K)
 Metaspace       used 86205K, capacity 88281K, committed 88400K, reserved 1126400K
  class space    used 11213K, capacity 11979K, committed 11980K, reserved 1048576K
}
Event: 60.043 GC heap after
{Heap after GC invocations=28 (full 0):
 garbage-first heap   total 131072K, used 81472K [0x0000000080000000, 0x0000000100000000)
  region size 1024K, 3 young (3072K), 3 survivors (3072K)
 Metaspace       used 86205K, capacity 88281K, committed 88400K, reserved 1126400K
  class space    used 11213K, capacity 11979K, committed 11980K, reserved 1048576K
}
Event: 61.952 GC heap before
{Heap before GC invocations=28 (full 0):
 garbage-first heap   total 131072K, used 110144K [0x0000000080000000, 0x0000000100000000)
  region size 1024K, 32 young (32768K), 3 survivors (3072K)
 Metaspace       used 87558K, capacity 89568K, committed 89680K, reserved 1126400K
  class space    used 11406K, capacity 12207K, committed 12236K, reserved 1048576K
}
Event: 61.963 GC heap after
{Heap after GC invocations=29 (full 0):
 garbage-first heap   total 131072K, used 82777K [0x0000000080000000, 0x0000000100000000)
  region size 1024K, 2 young (2048K), 2 survivors (2048K)
 Metaspace       used 87558K, capacity 89568K, committed 89680K, reserved 1126400K
  class space    used 11406K, capacity 12207K, committed 12236K, reserved 1048576K
}
Event: 62.713 GC heap before
{Heap before GC invocations=30 (full 0):
 garbage-first heap   total 131072K, used 109401K [0x0000000080000000, 0x0000000100000000)
  region size 1024K, 29 young (29696K), 2 survivors (2048K)
 Metaspace       used 89627K, capacity 91624K, committed 91728K, reserved 1128448K
  class space    used 11663K, capacity 12444K, committed 12492K, reserved 1048576K
}
Event: 62.721 GC heap after
{Heap after GC invocations=31 (full 0):
 garbage-first heap   total 131072K, used 83327K [0x0000000080000000, 0x0000000100000000)
  region size 1024K, 2 young (2048K), 2 survivors (2048K)
 Metaspace       used 89627K, capacity 91624K, committed 91728K, reserved 1128448K
  class space    used 11663K, capacity 12444K, committed 12492K, reserved 1048576K
}
Event: 63.295 GC heap before
{Heap before GC invocations=31 (full 0):
 garbage-first heap   total 131072K, used 111999K [0x0000000080000000, 0x0000000100000000)
  region size 1024K, 30 young (30720K), 2 survivors (2048K)
 Metaspace       used 91620K, capacity 93640K, committed 93776K, reserved 1130496K
  class space    used 11884K, capacity 12668K, committed 12748K, reserved 1048576K
}
Event: 63.307 GC heap after
{Heap after GC invocations=32 (full 0):
 garbage-first heap   total 131072K, used 84818K [0x0000000080000000, 0x0000000100000000)
  region size 1024K, 4 young (4096K), 4 survivors (4096K)
 Metaspace       used 91620K, capacity 93640K, committed 93776K, reserved 1130496K
  class space    used 11884K, capacity 12668K, committed 12748K, reserved 1048576K
}
Event: 65.391 GC heap before
{Heap before GC invocations=33 (full 0):
 garbage-first heap   total 131072K, used 111442K [0x0000000080000000, 0x0000000100000000)
  region size 1024K, 30 young (30720K), 4 survivors (4096K)
 Metaspace       used 93467K, capacity 95602K, committed 95824K, reserved 1132544K
  class space    used 12116K, capacity 12909K, committed 13004K, reserved 1048576K
}
Event: 65.402 GC heap after
{Heap after GC invocations=34 (full 0):
 garbage-first heap   total 131072K, used 86845K [0x0000000080000000, 0x0000000100000000)
  region size 1024K, 4 young (4096K), 4 survivors (4096K)
 Metaspace       used 93467K, capacity 95602K, committed 95824K, reserved 1132544K
  class space    used 12116K, capacity 12909K, committed 13004K, reserved 1048576K
}

Deoptimization events (20 events):
Event: 70.436 Thread 0x00000222a79fa800 Uncommon trap: trap_request=0xffffffde fr.pc=0x000002229892c894 relative=0x0000000000000334
Event: 70.436 Thread 0x00000222a79fa800 Uncommon trap: reason=class_check action=maybe_recompile pc=0x000002229892c894 method=java.io.DataOutputStream.write(I)V @ 5 c2
Event: 70.436 Thread 0x00000222a79fa800 DEOPT PACKING pc=0x000002229892c894 sp=0x000000f13e5f65b0
Event: 70.437 Thread 0x00000222a79fa800 DEOPT UNPACKING pc=0x0000022290d1a1af sp=0x000000f13e5f6588 mode 2
Event: 70.437 Thread 0x00000222a79fa800 Uncommon trap: trap_request=0xffffffde fr.pc=0x000002229892c894 relative=0x0000000000000334
Event: 70.437 Thread 0x00000222a79fa800 Uncommon trap: reason=class_check action=maybe_recompile pc=0x000002229892c894 method=java.io.DataOutputStream.write(I)V @ 5 c2
Event: 70.437 Thread 0x00000222a79fa800 DEOPT PACKING pc=0x000002229892c894 sp=0x000000f13e5f65b0
Event: 70.437 Thread 0x00000222a79fa800 DEOPT UNPACKING pc=0x0000022290d1a1af sp=0x000000f13e5f6588 mode 2
Event: 70.437 Thread 0x00000222a79fa800 Uncommon trap: trap_request=0xffffffde fr.pc=0x000002229892c894 relative=0x0000000000000334
Event: 70.437 Thread 0x00000222a79fa800 Uncommon trap: reason=class_check action=maybe_recompile pc=0x000002229892c894 method=java.io.DataOutputStream.write(I)V @ 5 c2
Event: 70.437 Thread 0x00000222a79fa800 DEOPT PACKING pc=0x000002229892c894 sp=0x000000f13e5f65b0
Event: 70.437 Thread 0x00000222a79fa800 DEOPT UNPACKING pc=0x0000022290d1a1af sp=0x000000f13e5f6588 mode 2
Event: 70.437 Thread 0x00000222a79fa800 Uncommon trap: trap_request=0xffffffde fr.pc=0x000002229892c894 relative=0x0000000000000334
Event: 70.437 Thread 0x00000222a79fa800 Uncommon trap: reason=class_check action=maybe_recompile pc=0x000002229892c894 method=java.io.DataOutputStream.write(I)V @ 5 c2
Event: 70.437 Thread 0x00000222a79fa800 DEOPT PACKING pc=0x000002229892c894 sp=0x000000f13e5f65b0
Event: 70.437 Thread 0x00000222a79fa800 DEOPT UNPACKING pc=0x0000022290d1a1af sp=0x000000f13e5f6588 mode 2
Event: 70.437 Thread 0x00000222a79fa800 Uncommon trap: trap_request=0xffffffde fr.pc=0x0000022298a866b8 relative=0x0000000000001678
Event: 70.437 Thread 0x00000222a79fa800 Uncommon trap: reason=class_check action=maybe_recompile pc=0x0000022298a866b8 method=java.io.DataOutputStream.write(I)V @ 5 c2
Event: 70.437 Thread 0x00000222a79fa800 DEOPT PACKING pc=0x0000022298a866b8 sp=0x000000f13e5f65e0
Event: 70.437 Thread 0x00000222a79fa800 DEOPT UNPACKING pc=0x0000022290d1a1af sp=0x000000f13e5f6590 mode 2

Classes redefined (0 events):
No events

Internal exceptions (20 events):
Event: 50.012 Thread 0x00000222ac49f000 Implicit null exception at 0x0000022298c0b114 to 0x0000022298c0b7cc
Event: 50.130 Thread 0x00000222ac49b800 Implicit null exception at 0x0000022298c148ec to 0x0000022298c14f63
Event: 50.130 Thread 0x00000222ac49b800 Implicit null exception at 0x0000022298c16cdb to 0x0000022298c16d6c
Event: 52.259 Thread 0x00000222ab893000 Implicit null exception at 0x0000022298c206e1 to 0x0000022298c20c54
Event: 52.259 Thread 0x00000222ac494000 Implicit null exception at 0x0000022298c206e1 to 0x0000022298c20c54
Event: 52.260 Thread 0x00000222ab893000 Exception <a 'java/lang/NoSuchMethodError'{0x0000000087e4aa50}: 'void java.lang.invoke.DirectMethodHandle$Holder.invokeVirtual(java.lang.Object, java.lang.Object)'> (0x0000000087e4aa50) thrown at [./src/hotspot/share/interpreter/linkResolver.cpp, line 773]
Event: 52.260 Thread 0x00000222ac494000 Exception <a 'java/lang/NoSuchMethodError'{0x0000000087e50c60}: 'void java.lang.invoke.DirectMethodHandle$Holder.invokeVirtual(java.lang.Object, java.lang.Object)'> (0x0000000087e50c60) thrown at [./src/hotspot/share/interpreter/linkResolver.cpp, line 773]
Event: 59.566 Thread 0x00000222abf7f000 Exception <a 'java/lang/NoSuchMethodError'{0x0000000086ef54c8}: <clinit>> (0x0000000086ef54c8) thrown at [./src/hotspot/share/prims/jni.cpp, line 1365]
Event: 59.566 Thread 0x00000222abf7f000 Exception <a 'java/lang/NoSuchMethodError'{0x0000000086ef6ad0}: <clinit>> (0x0000000086ef6ad0) thrown at [./src/hotspot/share/prims/jni.cpp, line 1365]
Event: 59.566 Thread 0x00000222abf7f000 Exception <a 'java/lang/NoSuchMethodError'{0x0000000086ef96d0}: <clinit>> (0x0000000086ef96d0) thrown at [./src/hotspot/share/prims/jni.cpp, line 1365]
Event: 59.567 Thread 0x00000222abf7f000 Exception <a 'java/lang/NoSuchMethodError'{0x0000000086d11190}: <clinit>> (0x0000000086d11190) thrown at [./src/hotspot/share/prims/jni.cpp, line 1365]
Event: 59.567 Thread 0x00000222abf7f000 Exception <a 'java/lang/NoSuchMethodError'{0x0000000086d123c8}: <clinit>> (0x0000000086d123c8) thrown at [./src/hotspot/share/prims/jni.cpp, line 1365]
Event: 63.565 Thread 0x00000222a79fa800 Implicit null exception at 0x0000022298b65dac to 0x0000022298b65deb
Event: 63.604 Thread 0x00000222a79fa800 Exception <a 'java/lang/NoSuchMethodError'{0x0000000087435818}: 'int java.lang.invoke.DirectMethodHandle$Holder.invokeSpecial(java.lang.Object, java.lang.Object, java.lang.Object, java.lang.Object, java.lang.Object)'> (0x0000000087435818) thrown at [./src/hotspot/share/interpreter/linkResolver.cpp, line 773]
Event: 63.784 Thread 0x00000222a79fa800 Implicit null exception at 0x0000022298ca3c64 to 0x0000022298ca4060
Event: 65.751 Thread 0x00000222a79fa800 Exception <a 'java/lang/NoSuchMethodError'{0x0000000087d592a8}: 'void java.lang.invoke.DirectMethodHandle$Holder.invokeStatic(java.lang.Object, long)'> (0x0000000087d592a8) thrown at [./src/hotspot/share/interpreter/linkResolver.cpp, line 773]
Event: 65.752 Thread 0x00000222a79fa800 Exception <a 'java/lang/NoSuchMethodError'{0x0000000087d5f758}: 'java.lang.Object java.lang.invoke.DirectMethodHandle$Holder.invokeStatic(java.lang.Object, long)'> (0x0000000087d5f758) thrown at [./src/hotspot/share/interpreter/linkResolver.cpp, line 773]
Event: 65.754 Thread 0x00000222a79fa800 Exception <a 'java/lang/NoSuchMethodError'{0x0000000087d6ecf8}: 'java.lang.Object java.lang.invoke.DirectMethodHandle$Holder.invokeStaticInit(java.lang.Object, java.lang.Object, long, java.lang.Object)'> (0x0000000087d6ecf8) thrown at [./src/hotspot/share/interpreter/linkResolver.cpp, line 773]
Event: 65.755 Thread 0x00000222a79fa800 Exception <a 'java/lang/NoSuchMethodError'{0x0000000087d75e80}: 'java.lang.Object java.lang.invoke.DirectMethodHandle$Holder.invokeStatic(java.lang.Object, java.lang.Object, long)'> (0x0000000087d75e80) thrown at [./src/hotspot/share/interpreter/linkResolver.cpp, line 773]
Event: 65.755 Thread 0x00000222a79fa800 Exception <a 'java/lang/NoSuchMethodError'{0x0000000087d7d3e8}: 'java.lang.Object java.lang.invoke.Invokers$Holder.linkToTargetMethod(java.lang.Object, long, java.lang.Object)'> (0x0000000087d7d3e8) thrown at [./src/hotspot/share/interpreter/linkResolver.cpp, line 773]

Events (20 events):
Event: 70.605 loading class org/jetbrains/kotlin/daemon/common/CompilationOptions
Event: 70.605 loading class org/jetbrains/kotlin/daemon/common/CompilationOptions done
Event: 70.607 loading class org/jetbrains/kotlin/daemon/common/CompilerServicesFacadeBase
Event: 70.607 loading class org/jetbrains/kotlin/daemon/common/CompilerServicesFacadeBase done
Event: 70.607 loading class org/jetbrains/kotlin/daemon/common/CompilationResults
Event: 70.607 loading class org/jetbrains/kotlin/daemon/common/CompilationResults done
Event: 70.610 loading class org/jetbrains/kotlin/cli/common/repl/ReplCodeLine
Event: 70.610 loading class org/jetbrains/kotlin/cli/common/repl/ReplCodeLine done
Event: 70.611 loading class org/jetbrains/kotlin/daemon/common/CompileService$TargetPlatform
Event: 70.611 loading class org/jetbrains/kotlin/daemon/common/CompileService$TargetPlatform done
Event: 70.611 loading class org/jetbrains/kotlin/daemon/common/CompilerCallbackServicesFacade
Event: 70.611 loading class org/jetbrains/kotlin/daemon/common/CompilerCallbackServicesFacade done
Event: 70.613 loading class org/jetbrains/kotlin/daemon/common/RemoteOutputStream
Event: 70.613 loading class org/jetbrains/kotlin/daemon/common/RemoteOutputStream done
Event: 70.613 loading class org/jetbrains/kotlin/daemon/common/RemoteInputStream
Event: 70.613 loading class org/jetbrains/kotlin/daemon/common/RemoteInputStream done
Event: 70.613 loading class org/jetbrains/kotlin/daemon/common/RemoteOperationsTracer
Event: 70.613 loading class org/jetbrains/kotlin/daemon/common/RemoteOperationsTracer done
Event: 70.614 loading class org/jetbrains/kotlin/daemon/common/CompileService$OutputFormat
Event: 70.614 loading class org/jetbrains/kotlin/daemon/common/CompileService$OutputFormat done


Dynamic libraries:
0x00007ff71dd10000 - 0x00007ff71dd1a000 	C:\Program Files\Android\Android Studio\jre\bin\java.exe
0x00007ff9e2490000 - 0x00007ff9e2688000 	C:\Windows\SYSTEM32\ntdll.dll
0x00007ff9e1e10000 - 0x00007ff9e1ecf000 	C:\Windows\System32\KERNEL32.DLL
0x00007ff9dfd50000 - 0x00007ff9e0022000 	C:\Windows\System32\KERNELBASE.dll
0x00007ff9e0260000 - 0x00007ff9e0360000 	C:\Windows\System32\ucrtbase.dll
0x00007ff97f350000 - 0x00007ff97f369000 	C:\Program Files\Android\Android Studio\jre\bin\jli.dll
0x00007ff9e1300000 - 0x00007ff9e14a1000 	C:\Windows\System32\USER32.dll
0x00007ff9e0360000 - 0x00007ff9e0382000 	C:\Windows\System32\win32u.dll
0x00007ff9e2370000 - 0x00007ff9e239b000 	C:\Windows\System32\GDI32.dll
0x00007ff9dfb80000 - 0x00007ff9dfc8f000 	C:\Windows\System32\gdi32full.dll
0x00007ff9e01c0000 - 0x00007ff9e025d000 	C:\Windows\System32\msvcp_win.dll
0x00007ff9c5db0000 - 0x00007ff9c604a000 	C:\Windows\WinSxS\amd64_microsoft.windows.common-controls_6595b64144ccf1df_6.0.19041.1110_none_60b5254171f9507e\COMCTL32.dll
0x00007ff9e22c0000 - 0x00007ff9e235e000 	C:\Windows\System32\msvcrt.dll
0x00007ff97a5f0000 - 0x00007ff97a607000 	C:\Program Files\Android\Android Studio\jre\bin\VCRUNTIME140.dll
0x00007ff9e0de0000 - 0x00007ff9e0e12000 	C:\Windows\System32\IMM32.DLL
0x000000006f360000 - 0x000000006f36c000 	C:\Program Files (x86)\360\Total Security\safemon\SafeWrapper.dll
0x00007ff9e23a0000 - 0x00007ff9e244e000 	C:\Windows\System32\ADVAPI32.dll
0x00007ff9e10d0000 - 0x00007ff9e116c000 	C:\Windows\System32\sechost.dll
0x00007ff9e14c0000 - 0x00007ff9e15e5000 	C:\Windows\System32\RPCRT4.dll
0x00007ff853730000 - 0x00007ff8537c2000 	C:\Program Files (x86)\360\Total Security\safemon\libzdtp64.dll
0x00007ff9e16c0000 - 0x00007ff9e1e04000 	C:\Windows\System32\SHELL32.dll
0x00007ff9e0f90000 - 0x00007ff9e0fe5000 	C:\Windows\System32\SHLWAPI.dll
0x00007ff9df620000 - 0x00007ff9df62a000 	C:\Windows\SYSTEM32\VERSION.dll
0x00007ff853690000 - 0x00007ff85372d000 	C:\Program Files\Android\Android Studio\jre\bin\msvcp140.dll
0x00007ff87bc40000 - 0x00007ff87c725000 	C:\Program Files\Android\Android Studio\jre\bin\server\jvm.dll
0x00007ff9e2360000 - 0x00007ff9e2368000 	C:\Windows\System32\PSAPI.DLL
0x00007ff9c9d30000 - 0x00007ff9c9d57000 	C:\Windows\SYSTEM32\WINMM.dll
0x00007ff9120d0000 - 0x00007ff9120d9000 	C:\Windows\SYSTEM32\WSOCK32.dll
0x00007ff9e1290000 - 0x00007ff9e12fb000 	C:\Windows\System32\WS2_32.dll
0x00007ff9de360000 - 0x00007ff9de372000 	C:\Windows\SYSTEM32\kernel.appcore.dll
0x00007ff97f2e0000 - 0x00007ff97f2f1000 	C:\Program Files\Android\Android Studio\jre\bin\verify.dll
0x00007ff9d7680000 - 0x00007ff9d7864000 	C:\Windows\SYSTEM32\DBGHELP.DLL
0x00007ff9b9b80000 - 0x00007ff9b9bb5000 	C:\Windows\SYSTEM32\dbgcore.DLL
0x00007ff9e0440000 - 0x00007ff9e04c2000 	C:\Windows\System32\bcryptPrimitives.dll
0x00007ff97e040000 - 0x00007ff97e069000 	C:\Program Files\Android\Android Studio\jre\bin\java.dll
0x00007ff9add30000 - 0x00007ff9add3b000 	C:\Program Files\Android\Android Studio\jre\bin\jimage.dll
0x00007ff97e020000 - 0x00007ff97e038000 	C:\Program Files\Android\Android Studio\jre\bin\zip.dll
0x00007ff9dd620000 - 0x00007ff9dddb2000 	C:\Windows\SYSTEM32\windows.storage.dll
0x00007ff9e1ed0000 - 0x00007ff9e2225000 	C:\Windows\System32\combase.dll
0x00007ff9df570000 - 0x00007ff9df5a0000 	C:\Windows\SYSTEM32\Wldp.dll
0x00007ff9e0580000 - 0x00007ff9e062d000 	C:\Windows\System32\SHCORE.dll
0x00007ff9dfac0000 - 0x00007ff9dfadf000 	C:\Windows\SYSTEM32\profapi.dll
0x00007ff97f330000 - 0x00007ff97f34a000 	C:\Program Files\Android\Android Studio\jre\bin\net.dll
0x00007ff9ccde0000 - 0x00007ff9cceec000 	C:\Windows\SYSTEM32\WINHTTP.dll
0x00007ff9df2d0000 - 0x00007ff9df33a000 	C:\Windows\system32\mswsock.dll
0x00007ff97f310000 - 0x00007ff97f324000 	C:\Program Files\Android\Android Studio\jre\bin\nio.dll
0x00007ff9b1d40000 - 0x00007ff9b1d67000 	C:\Users\HP\.gradle\native\e1d6ef7f7dcc3fd88c89a11ec53ec762bb8ba0a96d01ffa2cd45eb1d1d8dd5c5\windows-amd64\native-platform.dll
0x00007ff853540000 - 0x00007ff853684000 	C:\Users\HP\.gradle\native\5664cfc778a61ccfe75a443a1ab52a65af34e5dc3c78e0209fed803814484fcb\windows-amd64\native-platform-file-events.dll
0x00007ff9d7fb0000 - 0x00007ff9d7fba000 	C:\Program Files\Android\Android Studio\jre\bin\management.dll
0x00007ff9ab970000 - 0x00007ff9ab97d000 	C:\Program Files\Android\Android Studio\jre\bin\management_ext.dll
0x00007ff9df4c0000 - 0x00007ff9df4d8000 	C:\Windows\SYSTEM32\CRYPTSP.dll
0x00007ff9deb80000 - 0x00007ff9debb4000 	C:\Windows\system32\rsaenh.dll
0x00007ff9e0190000 - 0x00007ff9e01b7000 	C:\Windows\System32\bcrypt.dll
0x00007ff9dfa80000 - 0x00007ff9dfaae000 	C:\Windows\SYSTEM32\USERENV.dll
0x00007ff9df4e0000 - 0x00007ff9df4ec000 	C:\Windows\SYSTEM32\CRYPTBASE.dll
0x00007ff9def70000 - 0x00007ff9defab000 	C:\Windows\SYSTEM32\IPHLPAPI.DLL
0x00007ff9e14b0000 - 0x00007ff9e14b8000 	C:\Windows\System32\NSI.dll
0x00007ff9d1ab0000 - 0x00007ff9d1ac7000 	C:\Windows\SYSTEM32\dhcpcsvc6.DLL
0x00007ff9d25f0000 - 0x00007ff9d260d000 	C:\Windows\SYSTEM32\dhcpcsvc.DLL
0x00007ff9defc0000 - 0x00007ff9df08a000 	C:\Windows\SYSTEM32\DNSAPI.dll
0x00007ff9d8000000 - 0x00007ff9d801e000 	C:\Users\HP\AppData\Local\Temp\native-platform18431751708178002692dir\native-platform.dll

dbghelp: loaded successfully - version: 4.0.5 - missing functions: none
symbol engine: initialized successfully - sym options: 0x614 - pdb path: .;C:\Program Files\Android\Android Studio\jre\bin;C:\Windows\SYSTEM32;C:\Windows\WinSxS\amd64_microsoft.windows.common-controls_6595b64144ccf1df_6.0.19041.1110_none_60b5254171f9507e;C:\Program Files (x86)\360\Total Security\safemon;C:\Program Files\Android\Android Studio\jre\bin\server;C:\Users\HP\.gradle\native\e1d6ef7f7dcc3fd88c89a11ec53ec762bb8ba0a96d01ffa2cd45eb1d1d8dd5c5\windows-amd64;C:\Users\HP\.gradle\native\5664cfc778a61ccfe75a443a1ab52a65af34e5dc3c78e0209fed803814484fcb\windows-amd64;C:\Users\HP\AppData\Local\Temp\native-platform18431751708178002692dir

VM Arguments:
jvm_args: --add-opens=java.base/java.util=ALL-UNNAMED --add-opens=java.base/java.lang=ALL-UNNAMED --add-opens=java.base/java.lang.invoke=ALL-UNNAMED --add-opens=java.base/java.util=ALL-UNNAMED --add-opens=java.prefs/java.util.prefs=ALL-UNNAMED --add-opens=java.prefs/java.util.prefs=ALL-UNNAMED --add-opens=java.base/java.nio.charset=ALL-UNNAMED --add-opens=java.base/java.net=ALL-UNNAMED --add-opens=java.base/java.util.concurrent.atomic=ALL-UNNAMED -Xmx2048m -Dfile.encoding=UTF-8 -Duser.country=TR -Duser.language=tr -Duser.variant 
java_command: org.gradle.launcher.daemon.bootstrap.GradleDaemon 7.3.3
java_class_path (initial): C:\Users\HP\.gradle\wrapper\dists\gradle-7.3.3-bin\6a41zxkdtcxs8rphpq6y0069z\gradle-7.3.3\lib\gradle-launcher-7.3.3.jar
Launcher Type: SUN_STANDARD

[Global flags]
     intx CICompilerCount                          = 3                                         {product} {ergonomic}
     uint ConcGCThreads                            = 1                                         {product} {ergonomic}
     uint G1ConcRefinementThreads                  = 4                                         {product} {ergonomic}
   size_t G1HeapRegionSize                         = 1048576                                   {product} {ergonomic}
    uintx GCDrainStackTargetSize                   = 64                                        {product} {ergonomic}
   size_t InitialHeapSize                          = 134217728                                 {product} {ergonomic}
   size_t MarkStackSize                            = 4194304                                   {product} {ergonomic}
   size_t MaxHeapSize                              = 2147483648                                {product} {command line}
   size_t MaxNewSize                               = 1287651328                                {product} {ergonomic}
   size_t MinHeapDeltaBytes                        = 1048576                                   {product} {ergonomic}
    uintx NonNMethodCodeHeapSize                   = 5830732                                {pd product} {ergonomic}
    uintx NonProfiledCodeHeapSize                  = 122913754                              {pd product} {ergonomic}
    uintx ProfiledCodeHeapSize                     = 122913754                              {pd product} {ergonomic}
    uintx ReservedCodeCacheSize                    = 251658240                              {pd product} {ergonomic}
     bool SegmentedCodeCache                       = true                                      {product} {ergonomic}
     bool UseCompressedClassPointers               = true                                 {lp64_product} {ergonomic}
     bool UseCompressedOops                        = true                                 {lp64_product} {ergonomic}
     bool UseG1GC                                  = true                                      {product} {ergonomic}
     bool UseLargePagesIndividualAllocation        = false                                  {pd product} {ergonomic}

Logging:
Log output configuration:
 #0: stdout all=warning uptime,level,tags
 #1: stderr all=off uptime,level,tags

Environment Variables:
JAVA_HOME=C:\Program Files\Java\jdk-17.0.3.1
PATH=C:\Windows\System32\;"C:\Windows\system32;C:\Windows";C:\Users\HP\AppData\Local\Programs\Python\Python38;C:\Users\HP\AppData\Local\Programs\Python\Python38\Scripts;C:\Users\HP\anaconda3;C:\Users\HP\anaconda3\Scripts;
USERNAME=HP
OS=Windows_NT
PROCESSOR_IDENTIFIER=Intel64 Family 6 Model 142 Stepping 9, GenuineIntel



---------------  S Y S T E M  ---------------

OS: Windows 10 , 64 bit Build 19041 (10.0.19041.2364)
OS uptime: 0 days 9:22 hours

CPU:total 4 (initial active 4) (2 cores per cpu, 2 threads per core) family 6 model 142 stepping 9 microcode 0xea, cmov, cx8, fxsr, mmx, sse, sse2, sse3, ssse3, sse4.1, sse4.2, popcnt, avx, avx2, aes, clmul, erms, 3dnowpref, lzcnt, ht, tsc, tscinvbit, bmi1, bmi2, adx, fma

Memory: 4k page, system-wide physical 8083M (172M free)
TotalPageFile size 32659M (AvailPageFile size 2M)
current process WorkingSet (physical memory assigned to process): 331M, peak: 371M
current process commit charge ("private bytes"): 391M, peak: 402M

vm_info: OpenJDK 64-Bit Server VM (11.0.12+7-b1504.28-7817840) for windows-amd64 JRE (11.0.12+7-b1504.28-7817840), built on Oct 13 2021 22:12:33 by "builder" with MS VC++ 14.0 (VS2015)

END.
