#
# There is insufficient memory for the Java Runtime Environment to continue.
# Native memory allocation (malloc) failed to allocate 231216 bytes for Chunk::new
# Possible reasons:
#   The system is out of physical RAM or swap space
#   The process is running with CompressedOops enabled, and the Java Heap may be blocking the growth of the native heap
# Possible solutions:
#   Reduce memory load on the system
#   Increase physical memory or swap space
#   Check if swap backing store is full
#   Decrease Java heap size (-Xmx/-Xms)
#   Decrease number of Java threads
#   Decrease Java thread stack sizes (-Xss)
#   Set larger code cache with -XX:ReservedCodeCacheSize=
#   JVM is running with Unscaled Compressed Oops mode in which the Java heap is
#     placed in the first 4GB address space. The Java Heap base address is the
#     maximum limit for the native heap growth. Please use -XX:HeapBaseMinAddress
#     to set the Java Heap base and to place the Java Heap above 4GB virtual address.
# This output file may be truncated or incomplete.
#
#  Out of Memory Error (./src/hotspot/share/memory/arena.cpp:197), pid=2064, tid=16764
#
# JRE version: OpenJDK Runtime Environment (11.0.12+7) (build 11.0.12+7-b1504.28-7817840)
# Java VM: OpenJDK 64-Bit Server VM (11.0.12+7-b1504.28-7817840, mixed mode, tiered, compressed oops, g1 gc, windows-amd64)
# No core dump will be written. Minidumps are not enabled by default on client versions of Windows
#

---------------  S U M M A R Y ------------

Command Line: --add-opens=java.base/java.util=ALL-UNNAMED --add-opens=java.base/java.lang=ALL-UNNAMED --add-opens=java.base/java.lang.invoke=ALL-UNNAMED --add-opens=java.base/java.util=ALL-UNNAMED --add-opens=java.prefs/java.util.prefs=ALL-UNNAMED --add-opens=java.prefs/java.util.prefs=ALL-UNNAMED --add-opens=java.base/java.nio.charset=ALL-UNNAMED --add-opens=java.base/java.net=ALL-UNNAMED --add-opens=java.base/java.util.concurrent.atomic=ALL-UNNAMED -Xmx2048m -Dfile.encoding=UTF-8 -Duser.country=TR -Duser.language=tr -Duser.variant org.gradle.launcher.daemon.bootstrap.GradleDaemon 7.3.3

Host: Intel(R) Core(TM) i5-7200U CPU @ 2.50GHz, 4 cores, 7G,  Windows 10 , 64 bit Build 19041 (10.0.19041.2364)
Time: Sat Dec 17 15:06:31 2022 Türkiye Standart Saati elapsed time: 24.841882 seconds (0d 0h 0m 24s)

---------------  T H R E A D  ---------------

Current thread (0x000001b47e933800):  JavaThread "C2 CompilerThread0" daemon [_thread_in_native, id=16764, stack(0x000000a62ad00000,0x000000a62ae00000)]


Current CompileTask:
C2:  24841 2616       4       java.io.DataInputStream::readUTF (501 bytes)

Stack: [0x000000a62ad00000,0x000000a62ae00000]
Native frames: (J=compiled Java code, j=interpreted, Vv=VM code, C=native code)
V  [jvm.dll+0x5fbcea]
V  [jvm.dll+0x731905]
V  [jvm.dll+0x732f1d]
V  [jvm.dll+0x7335d3]
V  [jvm.dll+0x247bf8]
V  [jvm.dll+0xc018c]
V  [jvm.dll+0xc06cc]
V  [jvm.dll+0x2bcc04]
V  [jvm.dll+0x5113a8]
V  [jvm.dll+0x201d61]
V  [jvm.dll+0x1ff71f]
V  [jvm.dll+0x18868c]
V  [jvm.dll+0x20e0d7]
V  [jvm.dll+0x20c901]
V  [jvm.dll+0x6f9b7f]
V  [jvm.dll+0x6f26a5]
V  [jvm.dll+0x5fabf6]
C  [ucrtbase.dll+0x21bb2]
C  [KERNEL32.DLL+0x17614]
C  [ntdll.dll+0x526a1]


---------------  P R O C E S S  ---------------

Threads class SMR info:
_java_thread_list=0x000001b405bae8c0, length=30, elements={
0x000001b468d19800, 0x000001b47e90e800, 0x000001b47e919000, 0x000001b47e930000,
0x000001b47e931800, 0x000001b47e932800, 0x000001b47e933800, 0x000001b47f274800,
0x000001b47e93b800, 0x000001b47f3d8800, 0x000001b404de9800, 0x000001b4056ba000,
0x000001b4054a5800, 0x000001b4057e2800, 0x000001b40547f800, 0x000001b40493b800,
0x000001b404388000, 0x000001b406730800, 0x000001b406731000, 0x000001b47f67c800,
0x000001b47f67b800, 0x000001b47f67e000, 0x000001b47f67a000, 0x000001b47f678800,
0x000001b47f67d000, 0x000001b47f67f000, 0x000001b47f679000, 0x000001b47f67a800,
0x000001b405863000, 0x000001b40585f800
}

Java Threads: ( => current thread )
  0x000001b468d19800 JavaThread "main" [_thread_blocked, id=8616, stack(0x000000a62a100000,0x000000a62a200000)]
  0x000001b47e90e800 JavaThread "Reference Handler" daemon [_thread_blocked, id=13472, stack(0x000000a62a800000,0x000000a62a900000)]
  0x000001b47e919000 JavaThread "Finalizer" daemon [_thread_blocked, id=9448, stack(0x000000a62a900000,0x000000a62aa00000)]
  0x000001b47e930000 JavaThread "Signal Dispatcher" daemon [_thread_blocked, id=4044, stack(0x000000a62aa00000,0x000000a62ab00000)]
  0x000001b47e931800 JavaThread "Attach Listener" daemon [_thread_blocked, id=6568, stack(0x000000a62ab00000,0x000000a62ac00000)]
  0x000001b47e932800 JavaThread "Service Thread" daemon [_thread_blocked, id=9176, stack(0x000000a62ac00000,0x000000a62ad00000)]
=>0x000001b47e933800 JavaThread "C2 CompilerThread0" daemon [_thread_in_native, id=16764, stack(0x000000a62ad00000,0x000000a62ae00000)]
  0x000001b47f274800 JavaThread "C1 CompilerThread0" daemon [_thread_blocked, id=13324, stack(0x000000a62ae00000,0x000000a62af00000)]
  0x000001b47e93b800 JavaThread "Sweeper thread" daemon [_thread_blocked, id=14676, stack(0x000000a62af00000,0x000000a62b000000)]
  0x000001b47f3d8800 JavaThread "Common-Cleaner" daemon [_thread_blocked, id=14180, stack(0x000000a62b000000,0x000000a62b100000)]
  0x000001b404de9800 JavaThread "Daemon health stats" [_thread_blocked, id=9660, stack(0x000000a62b500000,0x000000a62b600000)]
  0x000001b4056ba000 JavaThread "Incoming local TCP Connector on port 54112" [_thread_in_native, id=7588, stack(0x000000a62b400000,0x000000a62b500000)]
  0x000001b4054a5800 JavaThread "Daemon periodic checks" [_thread_blocked, id=3760, stack(0x000000a62b600000,0x000000a62b700000)]
  0x000001b4057e2800 JavaThread "Daemon" [_thread_blocked, id=7336, stack(0x000000a62b700000,0x000000a62b800000)]
  0x000001b40547f800 JavaThread "Handler for socket connection from /127.0.0.1:54112 to /127.0.0.1:54113" [_thread_in_native, id=8900, stack(0x000000a62b800000,0x000000a62b900000)]
  0x000001b40493b800 JavaThread "Cancel handler" [_thread_blocked, id=4652, stack(0x000000a62b900000,0x000000a62ba00000)]
  0x000001b404388000 JavaThread "Daemon worker" [_thread_in_vm, id=14912, stack(0x000000a62ba00000,0x000000a62bb00000)]
  0x000001b406730800 JavaThread "Asynchronous log dispatcher for DefaultDaemonConnection: socket connection from /127.0.0.1:54112 to /127.0.0.1:54113" [_thread_blocked, id=15316, stack(0x000000a62bb00000,0x000000a62bc00000)]
  0x000001b406731000 JavaThread "Stdin handler" [_thread_blocked, id=11600, stack(0x000000a62bc00000,0x000000a62bd00000)]
  0x000001b47f67c800 JavaThread "Daemon client event forwarder" [_thread_blocked, id=15372, stack(0x000000a62bd00000,0x000000a62be00000)]
  0x000001b47f67b800 JavaThread "Cache worker for journal cache (C:\Users\HP\.gradle\caches\journal-1)" [_thread_blocked, id=9376, stack(0x000000a62bf00000,0x000000a62c000000)]
  0x000001b47f67e000 JavaThread "File lock request listener" [_thread_in_native, id=15756, stack(0x000000a62c000000,0x000000a62c100000)]
  0x000001b47f67a000 JavaThread "Cache worker for file hash cache (C:\Users\HP\.gradle\caches\7.3.3\fileHashes)" [_thread_blocked, id=15596, stack(0x000000a62c100000,0x000000a62c200000)]
  0x000001b47f678800 JavaThread "Cache worker for file hash cache (C:\Users\HP\AndroidStudioProjects\kamera3\.gradle\7.3.3\fileHashes)" [_thread_blocked, id=4992, stack(0x000000a62c200000,0x000000a62c300000)]
  0x000001b47f67d000 JavaThread "File watcher server" daemon [_thread_in_native, id=8268, stack(0x000000a62c300000,0x000000a62c400000)]
  0x000001b47f67f000 JavaThread "File watcher consumer" daemon [_thread_blocked, id=6128, stack(0x000000a62c400000,0x000000a62c500000)]
  0x000001b47f679000 JavaThread "Cache worker for checksums cache (C:\Users\HP\AndroidStudioProjects\kamera3\.gradle\7.3.3\checksums)" [_thread_blocked, id=17092, stack(0x000000a62c500000,0x000000a62c600000)]
  0x000001b47f67a800 JavaThread "Cache worker for cache directory md-supplier (C:\Users\HP\.gradle\caches\7.3.3\md-supplier)" [_thread_blocked, id=17040, stack(0x000000a62c600000,0x000000a62c700000)]
  0x000001b405863000 JavaThread "Cache worker for cache directory md-rule (C:\Users\HP\.gradle\caches\7.3.3\md-rule)" [_thread_blocked, id=15416, stack(0x000000a62c700000,0x000000a62c800000)]
  0x000001b40585f800 JavaThread "Cache worker for execution history cache (C:\Users\HP\.gradle\caches\7.3.3\executionHistory)" [_thread_blocked, id=13616, stack(0x000000a62c800000,0x000000a62c900000)]

Other Threads:
  0x000001b47e909800 VMThread "VM Thread" [stack: 0x000000a62a700000,0x000000a62a800000] [id=8584]
  0x000001b47f3f4000 WatcherThread [stack: 0x000000a62b100000,0x000000a62b200000] [id=16660]
  0x000001b468d33000 GCTaskThread "GC Thread#0" [stack: 0x000000a62a200000,0x000000a62a300000] [id=16032]
  0x000001b47fb1f000 GCTaskThread "GC Thread#1" [stack: 0x000000a62b200000,0x000000a62b300000] [id=5384]
  0x000001b47fc36800 GCTaskThread "GC Thread#2" [stack: 0x000000a62b300000,0x000000a62b400000] [id=17248]
  0x000001b40408c800 GCTaskThread "GC Thread#3" [stack: 0x000000a62be00000,0x000000a62bf00000] [id=10120]
  0x000001b468d65800 ConcurrentGCThread "G1 Main Marker" [stack: 0x000000a62a300000,0x000000a62a400000] [id=3092]
  0x000001b468d67000 ConcurrentGCThread "G1 Conc#0" [stack: 0x000000a62a400000,0x000000a62a500000] [id=6232]
  0x000001b468dde800 ConcurrentGCThread "G1 Refine#0" [stack: 0x000000a62a500000,0x000000a62a600000] [id=2228]
  0x000001b47e758800 ConcurrentGCThread "G1 Young RemSet Sampling" [stack: 0x000000a62a600000,0x000000a62a700000] [id=10024]

Threads with active compile tasks:
C2 CompilerThread0  24907 2616       4       java.io.DataInputStream::readUTF (501 bytes)

VM state:not at safepoint (normal execution)

VM Mutex/Monitor currently owned by a thread: None

Heap address: 0x0000000080000000, size: 2048 MB, Compressed Oops mode: 32-bit
Narrow klass base: 0x0000000000000000, Narrow klass shift: 3
Compressed class space size: 1073741824 Address: 0x0000000100000000

Heap:
 garbage-first heap   total 131072K, used 22989K [0x0000000080000000, 0x0000000100000000)
  region size 1024K, 8 young (8192K), 5 survivors (5120K)
 Metaspace       used 31972K, capacity 32766K, committed 32944K, reserved 1083392K
  class space    used 4278K, capacity 4555K, committed 4608K, reserved 1048576K
Heap Regions: E=young(eden), S=young(survivor), O=old, HS=humongous(starts), HC=humongous(continues), CS=collection set, F=free, A=archive, TAMS=top-at-mark-start (previous, next)
|   0|0x0000000080000000, 0x0000000080100000, 0x0000000080100000|100%| O|  |TAMS 0x0000000080100000, 0x0000000080000000| Untracked 
|   1|0x0000000080100000, 0x0000000080200000, 0x0000000080200000|100%| O|  |TAMS 0x0000000080200000, 0x0000000080100000| Untracked 
|   2|0x0000000080200000, 0x0000000080300000, 0x0000000080300000|100%| O|  |TAMS 0x0000000080300000, 0x0000000080200000| Untracked 
|   3|0x0000000080300000, 0x0000000080400000, 0x0000000080400000|100%|HS|  |TAMS 0x0000000080400000, 0x0000000080300000| Complete 
|   4|0x0000000080400000, 0x0000000080500000, 0x0000000080500000|100%|HC|  |TAMS 0x0000000080500000, 0x0000000080400000| Complete 
|   5|0x0000000080500000, 0x0000000080600000, 0x0000000080600000|100%|HC|  |TAMS 0x0000000080600000, 0x0000000080500000| Complete 
|   6|0x0000000080600000, 0x0000000080700000, 0x0000000080700000|100%| O|  |TAMS 0x0000000080700000, 0x0000000080600000| Untracked 
|   7|0x0000000080700000, 0x0000000080800000, 0x0000000080800000|100%| O|  |TAMS 0x0000000080800000, 0x0000000080700000| Untracked 
|   8|0x0000000080800000, 0x0000000080900000, 0x0000000080900000|100%| O|  |TAMS 0x0000000080900000, 0x0000000080800000| Untracked 
|   9|0x0000000080900000, 0x0000000080a00000, 0x0000000080a00000|100%| O|  |TAMS 0x0000000080a00000, 0x0000000080900000| Untracked 
|  10|0x0000000080a00000, 0x0000000080b00000, 0x0000000080b00000|100%| O|  |TAMS 0x0000000080b00000, 0x0000000080a00000| Untracked 
|  11|0x0000000080b00000, 0x0000000080c00000, 0x0000000080c00000|100%| O|  |TAMS 0x0000000080c00000, 0x0000000080b00000| Untracked 
|  12|0x0000000080c00000, 0x0000000080d00000, 0x0000000080d00000|100%| O|  |TAMS 0x0000000080d00000, 0x0000000080c00000| Untracked 
|  13|0x0000000080d00000, 0x0000000080e00000, 0x0000000080e00000|100%| O|  |TAMS 0x0000000080e00000, 0x0000000080d00000| Untracked 
|  14|0x0000000080e00000, 0x0000000080f00000, 0x0000000080f00000|100%| O|  |TAMS 0x0000000080f00000, 0x0000000080e00000| Untracked 
|  15|0x0000000080f00000, 0x0000000081000000, 0x0000000081000000|100%| O|  |TAMS 0x0000000081000000, 0x0000000080f00000| Untracked 
|  16|0x0000000081000000, 0x0000000081016200, 0x0000000081100000|  8%| O|  |TAMS 0x0000000081016200, 0x0000000081000000| Untracked 
|  17|0x0000000081100000, 0x0000000081100000, 0x0000000081200000|  0%| F|  |TAMS 0x0000000081100000, 0x0000000081100000| Untracked 
|  18|0x0000000081200000, 0x0000000081200000, 0x0000000081300000|  0%| F|  |TAMS 0x0000000081200000, 0x0000000081200000| Untracked 
|  19|0x0000000081300000, 0x0000000081300000, 0x0000000081400000|  0%| F|  |TAMS 0x0000000081300000, 0x0000000081300000| Untracked 
|  20|0x0000000081400000, 0x0000000081400000, 0x0000000081500000|  0%| F|  |TAMS 0x0000000081400000, 0x0000000081400000| Untracked 
|  21|0x0000000081500000, 0x0000000081500000, 0x0000000081600000|  0%| F|  |TAMS 0x0000000081500000, 0x0000000081500000| Untracked 
|  22|0x0000000081600000, 0x0000000081600000, 0x0000000081700000|  0%| F|  |TAMS 0x0000000081600000, 0x0000000081600000| Untracked 
|  23|0x0000000081700000, 0x0000000081700000, 0x0000000081800000|  0%| F|  |TAMS 0x0000000081700000, 0x0000000081700000| Untracked 
|  24|0x0000000081800000, 0x0000000081800000, 0x0000000081900000|  0%| F|  |TAMS 0x0000000081800000, 0x0000000081800000| Untracked 
|  25|0x0000000081900000, 0x0000000081900000, 0x0000000081a00000|  0%| F|  |TAMS 0x0000000081900000, 0x0000000081900000| Untracked 
|  26|0x0000000081a00000, 0x0000000081a00000, 0x0000000081b00000|  0%| F|  |TAMS 0x0000000081a00000, 0x0000000081a00000| Untracked 
|  27|0x0000000081b00000, 0x0000000081b00000, 0x0000000081c00000|  0%| F|  |TAMS 0x0000000081b00000, 0x0000000081b00000| Untracked 
|  28|0x0000000081c00000, 0x0000000081c00000, 0x0000000081d00000|  0%| F|  |TAMS 0x0000000081c00000, 0x0000000081c00000| Untracked 
|  29|0x0000000081d00000, 0x0000000081d00000, 0x0000000081e00000|  0%| F|  |TAMS 0x0000000081d00000, 0x0000000081d00000| Untracked 
|  30|0x0000000081e00000, 0x0000000081e00000, 0x0000000081f00000|  0%| F|  |TAMS 0x0000000081e00000, 0x0000000081e00000| Untracked 
|  31|0x0000000081f00000, 0x0000000081f00000, 0x0000000082000000|  0%| F|  |TAMS 0x0000000081f00000, 0x0000000081f00000| Untracked 
|  32|0x0000000082000000, 0x0000000082000000, 0x0000000082100000|  0%| F|  |TAMS 0x0000000082000000, 0x0000000082000000| Untracked 
|  33|0x0000000082100000, 0x0000000082100000, 0x0000000082200000|  0%| F|  |TAMS 0x0000000082100000, 0x0000000082100000| Untracked 
|  34|0x0000000082200000, 0x0000000082200000, 0x0000000082300000|  0%| F|  |TAMS 0x0000000082200000, 0x0000000082200000| Untracked 
|  35|0x0000000082300000, 0x0000000082300000, 0x0000000082400000|  0%| F|  |TAMS 0x0000000082300000, 0x0000000082300000| Untracked 
|  36|0x0000000082400000, 0x0000000082400000, 0x0000000082500000|  0%| F|  |TAMS 0x0000000082400000, 0x0000000082400000| Untracked 
|  37|0x0000000082500000, 0x0000000082500000, 0x0000000082600000|  0%| F|  |TAMS 0x0000000082500000, 0x0000000082500000| Untracked 
|  38|0x0000000082600000, 0x0000000082600000, 0x0000000082700000|  0%| F|  |TAMS 0x0000000082600000, 0x0000000082600000| Untracked 
|  39|0x0000000082700000, 0x0000000082700000, 0x0000000082800000|  0%| F|  |TAMS 0x0000000082700000, 0x0000000082700000| Untracked 
|  40|0x0000000082800000, 0x0000000082800000, 0x0000000082900000|  0%| F|  |TAMS 0x0000000082800000, 0x0000000082800000| Untracked 
|  41|0x0000000082900000, 0x0000000082900000, 0x0000000082a00000|  0%| F|  |TAMS 0x0000000082900000, 0x0000000082900000| Untracked 
|  42|0x0000000082a00000, 0x0000000082a00000, 0x0000000082b00000|  0%| F|  |TAMS 0x0000000082a00000, 0x0000000082a00000| Untracked 
|  43|0x0000000082b00000, 0x0000000082b00000, 0x0000000082c00000|  0%| F|  |TAMS 0x0000000082b00000, 0x0000000082b00000| Untracked 
|  44|0x0000000082c00000, 0x0000000082c00000, 0x0000000082d00000|  0%| F|  |TAMS 0x0000000082c00000, 0x0000000082c00000| Untracked 
|  45|0x0000000082d00000, 0x0000000082d00000, 0x0000000082e00000|  0%| F|  |TAMS 0x0000000082d00000, 0x0000000082d00000| Untracked 
|  46|0x0000000082e00000, 0x0000000082e00000, 0x0000000082f00000|  0%| F|  |TAMS 0x0000000082e00000, 0x0000000082e00000| Untracked 
|  47|0x0000000082f00000, 0x0000000082f00000, 0x0000000083000000|  0%| F|  |TAMS 0x0000000082f00000, 0x0000000082f00000| Untracked 
|  48|0x0000000083000000, 0x0000000083000000, 0x0000000083100000|  0%| F|  |TAMS 0x0000000083000000, 0x0000000083000000| Untracked 
|  49|0x0000000083100000, 0x0000000083100000, 0x0000000083200000|  0%| F|  |TAMS 0x0000000083100000, 0x0000000083100000| Untracked 
|  50|0x0000000083200000, 0x0000000083200000, 0x0000000083300000|  0%| F|  |TAMS 0x0000000083200000, 0x0000000083200000| Untracked 
|  51|0x0000000083300000, 0x0000000083300000, 0x0000000083400000|  0%| F|  |TAMS 0x0000000083300000, 0x0000000083300000| Untracked 
|  52|0x0000000083400000, 0x0000000083400000, 0x0000000083500000|  0%| F|  |TAMS 0x0000000083400000, 0x0000000083400000| Untracked 
|  53|0x0000000083500000, 0x0000000083500000, 0x0000000083600000|  0%| F|  |TAMS 0x0000000083500000, 0x0000000083500000| Untracked 
|  54|0x0000000083600000, 0x0000000083600000, 0x0000000083700000|  0%| F|  |TAMS 0x0000000083600000, 0x0000000083600000| Untracked 
|  55|0x0000000083700000, 0x0000000083700000, 0x0000000083800000|  0%| F|  |TAMS 0x0000000083700000, 0x0000000083700000| Untracked 
|  56|0x0000000083800000, 0x0000000083800000, 0x0000000083900000|  0%| F|  |TAMS 0x0000000083800000, 0x0000000083800000| Untracked 
|  57|0x0000000083900000, 0x0000000083900000, 0x0000000083a00000|  0%| F|  |TAMS 0x0000000083900000, 0x0000000083900000| Untracked 
|  58|0x0000000083a00000, 0x0000000083a00000, 0x0000000083b00000|  0%| F|  |TAMS 0x0000000083a00000, 0x0000000083a00000| Untracked 
|  59|0x0000000083b00000, 0x0000000083b00000, 0x0000000083c00000|  0%| F|  |TAMS 0x0000000083b00000, 0x0000000083b00000| Untracked 
|  60|0x0000000083c00000, 0x0000000083c00000, 0x0000000083d00000|  0%| F|  |TAMS 0x0000000083c00000, 0x0000000083c00000| Untracked 
|  61|0x0000000083d00000, 0x0000000083d00000, 0x0000000083e00000|  0%| F|  |TAMS 0x0000000083d00000, 0x0000000083d00000| Untracked 
|  62|0x0000000083e00000, 0x0000000083e00000, 0x0000000083f00000|  0%| F|  |TAMS 0x0000000083e00000, 0x0000000083e00000| Untracked 
|  63|0x0000000083f00000, 0x0000000083f00000, 0x0000000084000000|  0%| F|  |TAMS 0x0000000083f00000, 0x0000000083f00000| Untracked 
|  64|0x0000000084000000, 0x0000000084000000, 0x0000000084100000|  0%| F|  |TAMS 0x0000000084000000, 0x0000000084000000| Untracked 
|  65|0x0000000084100000, 0x0000000084100000, 0x0000000084200000|  0%| F|  |TAMS 0x0000000084100000, 0x0000000084100000| Untracked 
|  66|0x0000000084200000, 0x0000000084200000, 0x0000000084300000|  0%| F|  |TAMS 0x0000000084200000, 0x0000000084200000| Untracked 
|  67|0x0000000084300000, 0x000000008435d488, 0x0000000084400000| 36%| S|CS|TAMS 0x0000000084300000, 0x0000000084300000| Complete 
|  68|0x0000000084400000, 0x0000000084500000, 0x0000000084500000|100%| S|CS|TAMS 0x0000000084400000, 0x0000000084400000| Complete 
|  69|0x0000000084500000, 0x0000000084600000, 0x0000000084600000|100%| S|CS|TAMS 0x0000000084500000, 0x0000000084500000| Complete 
|  70|0x0000000084600000, 0x0000000084700000, 0x0000000084700000|100%| S|CS|TAMS 0x0000000084600000, 0x0000000084600000| Complete 
|  71|0x0000000084700000, 0x0000000084800000, 0x0000000084800000|100%| S|CS|TAMS 0x0000000084700000, 0x0000000084700000| Complete 
|  72|0x0000000084800000, 0x0000000084800000, 0x0000000084900000|  0%| F|  |TAMS 0x0000000084800000, 0x0000000084800000| Untracked 
|  73|0x0000000084900000, 0x0000000084900000, 0x0000000084a00000|  0%| F|  |TAMS 0x0000000084900000, 0x0000000084900000| Untracked 
|  74|0x0000000084a00000, 0x0000000084a00000, 0x0000000084b00000|  0%| F|  |TAMS 0x0000000084a00000, 0x0000000084a00000| Untracked 
|  75|0x0000000084b00000, 0x0000000084b00000, 0x0000000084c00000|  0%| F|  |TAMS 0x0000000084b00000, 0x0000000084b00000| Untracked 
|  76|0x0000000084c00000, 0x0000000084c00000, 0x0000000084d00000|  0%| F|  |TAMS 0x0000000084c00000, 0x0000000084c00000| Untracked 
|  77|0x0000000084d00000, 0x0000000084d00000, 0x0000000084e00000|  0%| F|  |TAMS 0x0000000084d00000, 0x0000000084d00000| Untracked 
|  78|0x0000000084e00000, 0x0000000084e00000, 0x0000000084f00000|  0%| F|  |TAMS 0x0000000084e00000, 0x0000000084e00000| Untracked 
|  79|0x0000000084f00000, 0x0000000084f00000, 0x0000000085000000|  0%| F|  |TAMS 0x0000000084f00000, 0x0000000084f00000| Untracked 
|  80|0x0000000085000000, 0x0000000085000000, 0x0000000085100000|  0%| F|  |TAMS 0x0000000085000000, 0x0000000085000000| Untracked 
|  81|0x0000000085100000, 0x0000000085100000, 0x0000000085200000|  0%| F|  |TAMS 0x0000000085100000, 0x0000000085100000| Untracked 
|  82|0x0000000085200000, 0x0000000085200000, 0x0000000085300000|  0%| F|  |TAMS 0x0000000085200000, 0x0000000085200000| Untracked 
|  83|0x0000000085300000, 0x0000000085300000, 0x0000000085400000|  0%| F|  |TAMS 0x0000000085300000, 0x0000000085300000| Untracked 
|  84|0x0000000085400000, 0x0000000085400000, 0x0000000085500000|  0%| F|  |TAMS 0x0000000085400000, 0x0000000085400000| Untracked 
|  85|0x0000000085500000, 0x0000000085500000, 0x0000000085600000|  0%| F|  |TAMS 0x0000000085500000, 0x0000000085500000| Untracked 
|  86|0x0000000085600000, 0x0000000085600000, 0x0000000085700000|  0%| F|  |TAMS 0x0000000085600000, 0x0000000085600000| Untracked 
|  87|0x0000000085700000, 0x0000000085700000, 0x0000000085800000|  0%| F|  |TAMS 0x0000000085700000, 0x0000000085700000| Untracked 
|  88|0x0000000085800000, 0x0000000085800000, 0x0000000085900000|  0%| F|  |TAMS 0x0000000085800000, 0x0000000085800000| Untracked 
|  89|0x0000000085900000, 0x0000000085900000, 0x0000000085a00000|  0%| F|  |TAMS 0x0000000085900000, 0x0000000085900000| Untracked 
|  90|0x0000000085a00000, 0x0000000085a00000, 0x0000000085b00000|  0%| F|  |TAMS 0x0000000085a00000, 0x0000000085a00000| Untracked 
|  91|0x0000000085b00000, 0x0000000085b00000, 0x0000000085c00000|  0%| F|  |TAMS 0x0000000085b00000, 0x0000000085b00000| Untracked 
|  92|0x0000000085c00000, 0x0000000085c00000, 0x0000000085d00000|  0%| F|  |TAMS 0x0000000085c00000, 0x0000000085c00000| Untracked 
|  93|0x0000000085d00000, 0x0000000085d00000, 0x0000000085e00000|  0%| F|  |TAMS 0x0000000085d00000, 0x0000000085d00000| Untracked 
|  94|0x0000000085e00000, 0x0000000085e00000, 0x0000000085f00000|  0%| F|  |TAMS 0x0000000085e00000, 0x0000000085e00000| Untracked 
|  95|0x0000000085f00000, 0x0000000085f00000, 0x0000000086000000|  0%| F|  |TAMS 0x0000000085f00000, 0x0000000085f00000| Untracked 
|  96|0x0000000086000000, 0x0000000086000000, 0x0000000086100000|  0%| F|  |TAMS 0x0000000086000000, 0x0000000086000000| Untracked 
|  97|0x0000000086100000, 0x0000000086100000, 0x0000000086200000|  0%| F|  |TAMS 0x0000000086100000, 0x0000000086100000| Untracked 
|  98|0x0000000086200000, 0x0000000086200000, 0x0000000086300000|  0%| F|  |TAMS 0x0000000086200000, 0x0000000086200000| Untracked 
|  99|0x0000000086300000, 0x0000000086300000, 0x0000000086400000|  0%| F|  |TAMS 0x0000000086300000, 0x0000000086300000| Untracked 
| 100|0x0000000086400000, 0x0000000086400000, 0x0000000086500000|  0%| F|  |TAMS 0x0000000086400000, 0x0000000086400000| Untracked 
| 101|0x0000000086500000, 0x0000000086500000, 0x0000000086600000|  0%| F|  |TAMS 0x0000000086500000, 0x0000000086500000| Untracked 
| 102|0x0000000086600000, 0x0000000086600000, 0x0000000086700000|  0%| F|  |TAMS 0x0000000086600000, 0x0000000086600000| Untracked 
| 103|0x0000000086700000, 0x0000000086700000, 0x0000000086800000|  0%| F|  |TAMS 0x0000000086700000, 0x0000000086700000| Untracked 
| 104|0x0000000086800000, 0x0000000086800000, 0x0000000086900000|  0%| F|  |TAMS 0x0000000086800000, 0x0000000086800000| Untracked 
| 105|0x0000000086900000, 0x0000000086900000, 0x0000000086a00000|  0%| F|  |TAMS 0x0000000086900000, 0x0000000086900000| Untracked 
| 106|0x0000000086a00000, 0x0000000086a00000, 0x0000000086b00000|  0%| F|  |TAMS 0x0000000086a00000, 0x0000000086a00000| Untracked 
| 107|0x0000000086b00000, 0x0000000086b00000, 0x0000000086c00000|  0%| F|  |TAMS 0x0000000086b00000, 0x0000000086b00000| Untracked 
| 108|0x0000000086c00000, 0x0000000086c00000, 0x0000000086d00000|  0%| F|  |TAMS 0x0000000086c00000, 0x0000000086c00000| Untracked 
| 109|0x0000000086d00000, 0x0000000086d00000, 0x0000000086e00000|  0%| F|  |TAMS 0x0000000086d00000, 0x0000000086d00000| Untracked 
| 110|0x0000000086e00000, 0x0000000086e00000, 0x0000000086f00000|  0%| F|  |TAMS 0x0000000086e00000, 0x0000000086e00000| Untracked 
| 111|0x0000000086f00000, 0x0000000086f00000, 0x0000000087000000|  0%| F|  |TAMS 0x0000000086f00000, 0x0000000086f00000| Untracked 
| 112|0x0000000087000000, 0x0000000087000000, 0x0000000087100000|  0%| F|  |TAMS 0x0000000087000000, 0x0000000087000000| Untracked 
| 113|0x0000000087100000, 0x0000000087100000, 0x0000000087200000|  0%| F|  |TAMS 0x0000000087100000, 0x0000000087100000| Untracked 
| 114|0x0000000087200000, 0x0000000087200000, 0x0000000087300000|  0%| F|  |TAMS 0x0000000087200000, 0x0000000087200000| Untracked 
| 115|0x0000000087300000, 0x0000000087300000, 0x0000000087400000|  0%| F|  |TAMS 0x0000000087300000, 0x0000000087300000| Untracked 
| 116|0x0000000087400000, 0x0000000087400000, 0x0000000087500000|  0%| F|  |TAMS 0x0000000087400000, 0x0000000087400000| Untracked 
| 117|0x0000000087500000, 0x0000000087500000, 0x0000000087600000|  0%| F|  |TAMS 0x0000000087500000, 0x0000000087500000| Untracked 
| 118|0x0000000087600000, 0x0000000087600000, 0x0000000087700000|  0%| F|  |TAMS 0x0000000087600000, 0x0000000087600000| Untracked 
| 119|0x0000000087700000, 0x0000000087700000, 0x0000000087800000|  0%| F|  |TAMS 0x0000000087700000, 0x0000000087700000| Untracked 
| 120|0x0000000087800000, 0x0000000087800000, 0x0000000087900000|  0%| F|  |TAMS 0x0000000087800000, 0x0000000087800000| Untracked 
| 121|0x0000000087900000, 0x0000000087900000, 0x0000000087a00000|  0%| F|  |TAMS 0x0000000087900000, 0x0000000087900000| Untracked 
| 122|0x0000000087a00000, 0x0000000087a00000, 0x0000000087b00000|  0%| F|  |TAMS 0x0000000087a00000, 0x0000000087a00000| Untracked 
| 123|0x0000000087b00000, 0x0000000087b00000, 0x0000000087c00000|  0%| F|  |TAMS 0x0000000087b00000, 0x0000000087b00000| Untracked 
| 124|0x0000000087c00000, 0x0000000087c00000, 0x0000000087d00000|  0%| F|  |TAMS 0x0000000087c00000, 0x0000000087c00000| Untracked 
| 125|0x0000000087d00000, 0x0000000087e00000, 0x0000000087e00000|100%| E|  |TAMS 0x0000000087d00000, 0x0000000087d00000| Complete 
| 126|0x0000000087e00000, 0x0000000087f00000, 0x0000000087f00000|100%| E|CS|TAMS 0x0000000087e00000, 0x0000000087e00000| Complete 
| 127|0x0000000087f00000, 0x0000000088000000, 0x0000000088000000|100%| E|CS|TAMS 0x0000000087f00000, 0x0000000087f00000| Complete 

Card table byte_map: [0x000001b47bc10000,0x000001b47c010000] _byte_map_base: 0x000001b47b810000

Marking Bits (Prev, Next): (CMBitMap*) 0x000001b468d5ca28, (CMBitMap*) 0x000001b468d5ca60
 Prev Bits: [0x000001b47c410000, 0x000001b47e410000)
 Next Bits: [0x000001b400000000, 0x000001b402000000)

Polling page: 0x000001b466cd0000

Metaspace:

Usage:
  Non-class:     27.55 MB capacity,    27.07 MB ( 98%) used,   426.58 KB (  2%) free+waste,    65.38 KB ( <1%) overhead. 
      Class:      4.45 MB capacity,     4.19 MB ( 94%) used,   236.83 KB (  5%) free+waste,    32.69 KB ( <1%) overhead. 
       Both:     32.00 MB capacity,    31.25 MB ( 98%) used,   663.41 KB (  2%) free+waste,    98.06 KB ( <1%) overhead. 

Virtual space:
  Non-class space:       34.00 MB reserved,      27.67 MB ( 81%) committed 
      Class space:        1.00 GB reserved,       4.50 MB ( <1%) committed 
             Both:        1.03 GB reserved,      32.17 MB (  3%) committed 

Chunk freelists:
   Non-Class:  61.00 KB
       Class:  0 bytes
        Both:  61.00 KB

MaxMetaspaceSize: 17179869184.00 GB
CompressedClassSpaceSize: 1.00 GB
Initial GC threshold: 20.80 MB
Current GC threshold: 53.20 MB
CDS: off

CodeHeap 'non-profiled nmethods': size=120064Kb used=1344Kb max_used=1344Kb free=118719Kb
 bounds [0x000001b4742d0000, 0x000001b474540000, 0x000001b47b810000]
CodeHeap 'profiled nmethods': size=120000Kb used=5742Kb max_used=5742Kb free=114258Kb
 bounds [0x000001b46cda0000, 0x000001b46d340000, 0x000001b4742d0000]
CodeHeap 'non-nmethods': size=5696Kb used=1239Kb max_used=1269Kb free=4456Kb
 bounds [0x000001b46c810000, 0x000001b46ca80000, 0x000001b46cda0000]
 total_blobs=3145 nmethods=2633 adapters=424
 compilation: enabled
              stopped_count=0, restarted_count=0
 full_count=0

Compilation events (20 events):
Event: 24.555 Thread 0x000001b47f274800 nmethod 2604 0x000001b46d32a110 code [0x000001b46d32a340, 0x000001b46d32a7c8]
Event: 24.555 Thread 0x000001b47f274800 2605       1       org.gradle.internal.instantiation.generator.AbstractClassGenerator$PropertyMetadata::getOverridableSetters (5 bytes)
Event: 24.555 Thread 0x000001b47f274800 nmethod 2605 0x000001b47441e910 code [0x000001b47441eac0, 0x000001b47441eb78]
Event: 24.555 Thread 0x000001b47e933800 2608       4       java.util.regex.Pattern$$Lambda$17/0x0000000100092c40::is (9 bytes)
Event: 24.555 Thread 0x000001b47e933800 nmethod 2608 0x000001b47441ec10 code [0x000001b47441eda0, 0x000001b47441ee18]
Event: 24.608 Thread 0x000001b47f274800 2609       3       javax.management.ObjectName::addProperty (80 bytes)
Event: 24.608 Thread 0x000001b47f274800 nmethod 2609 0x000001b46d32aa10 code [0x000001b46d32ac40, 0x000001b46d32b3a8]
Event: 24.805 Thread 0x000001b47f274800 2610       3       java.lang.invoke.MethodHandleNatives$CallSiteContext::run (5 bytes)
Event: 24.805 Thread 0x000001b47f274800 nmethod 2610 0x000001b46d32b610 code [0x000001b46d32b7c0, 0x000001b46d32b8e8]
Event: 24.814 Thread 0x000001b47f274800 2612       3       java.util.HashMap::put (13 bytes)
Event: 24.815 Thread 0x000001b47f274800 nmethod 2612 0x000001b46d32b990 code [0x000001b46d32bb60, 0x000001b46d32be58]
Event: 24.825 Thread 0x000001b47e933800 2613       4       java.lang.ClassLoader::loadClass (7 bytes)
Event: 24.826 Thread 0x000001b47e933800 nmethod 2613 0x000001b47441f310 code [0x000001b47441f4a0, 0x000001b47441f518]
Event: 24.826 Thread 0x000001b47e933800 2614       4       java.lang.Integer::valueOf (32 bytes)
Event: 24.826 Thread 0x000001b47f274800 2615       3       java.io.DataInputStream::readInt (72 bytes)
Event: 24.826 Thread 0x000001b47f274800 nmethod 2615 0x000001b46d32bf90 code [0x000001b46d32c1a0, 0x000001b46d32c708]
Event: 24.827 Thread 0x000001b47f274800 2617       3       org.codehaus.groovy.reflection.GeneratedMetaMethod$DgmMethodRecord::<init> (5 bytes)
Event: 24.827 Thread 0x000001b47f274800 nmethod 2617 0x000001b46d32c910 code [0x000001b46d32cac0, 0x000001b46d32cc18]
Event: 24.827 Thread 0x000001b47e933800 nmethod 2614 0x000001b47441f610 code [0x000001b47441f7a0, 0x000001b47441f878]
Event: 24.827 Thread 0x000001b47e933800 2616       4       java.io.DataInputStream::readUTF (501 bytes)

GC Heap History (14 events):
Event: 2.185 GC heap before
{Heap before GC invocations=0 (full 0):
 garbage-first heap   total 131072K, used 19456K [0x0000000080000000, 0x0000000100000000)
  region size 1024K, 14 young (14336K), 0 survivors (0K)
 Metaspace       used 6770K, capacity 7001K, committed 7168K, reserved 1056768K
  class space    used 584K, capacity 650K, committed 768K, reserved 1048576K
}
Event: 2.190 GC heap after
{Heap after GC invocations=1 (full 0):
 garbage-first heap   total 131072K, used 7932K [0x0000000080000000, 0x0000000100000000)
  region size 1024K, 2 young (2048K), 2 survivors (2048K)
 Metaspace       used 6770K, capacity 7001K, committed 7168K, reserved 1056768K
  class space    used 584K, capacity 650K, committed 768K, reserved 1048576K
}
Event: 3.452 GC heap before
{Heap before GC invocations=1 (full 0):
 garbage-first heap   total 131072K, used 19196K [0x0000000080000000, 0x0000000100000000)
  region size 1024K, 13 young (13312K), 2 survivors (2048K)
 Metaspace       used 10303K, capacity 10565K, committed 10624K, reserved 1058816K
  class space    used 1073K, capacity 1139K, committed 1152K, reserved 1048576K
}
Event: 3.457 GC heap after
{Heap after GC invocations=2 (full 0):
 garbage-first heap   total 131072K, used 9807K [0x0000000080000000, 0x0000000100000000)
  region size 1024K, 2 young (2048K), 2 survivors (2048K)
 Metaspace       used 10303K, capacity 10565K, committed 10624K, reserved 1058816K
  class space    used 1073K, capacity 1139K, committed 1152K, reserved 1048576K
}
Event: 4.067 GC heap before
{Heap before GC invocations=2 (full 0):
 garbage-first heap   total 131072K, used 39503K [0x0000000080000000, 0x0000000100000000)
  region size 1024K, 30 young (30720K), 2 survivors (2048K)
 Metaspace       used 11259K, capacity 11520K, committed 11776K, reserved 1060864K
  class space    used 1176K, capacity 1244K, committed 1280K, reserved 1048576K
}
Event: 4.071 GC heap after
{Heap after GC invocations=3 (full 0):
 garbage-first heap   total 131072K, used 13018K [0x0000000080000000, 0x0000000100000000)
  region size 1024K, 4 young (4096K), 4 survivors (4096K)
 Metaspace       used 11259K, capacity 11520K, committed 11776K, reserved 1060864K
  class space    used 1176K, capacity 1244K, committed 1280K, reserved 1048576K
}
Event: 7.471 GC heap before
{Heap before GC invocations=3 (full 0):
 garbage-first heap   total 131072K, used 55002K [0x0000000080000000, 0x0000000100000000)
  region size 1024K, 45 young (46080K), 4 survivors (4096K)
 Metaspace       used 17676K, capacity 18118K, committed 18432K, reserved 1064960K
  class space    used 2085K, capacity 2213K, committed 2304K, reserved 1048576K
}
Event: 7.483 GC heap after
{Heap after GC invocations=4 (full 0):
 garbage-first heap   total 131072K, used 16143K [0x0000000080000000, 0x0000000100000000)
  region size 1024K, 6 young (6144K), 6 survivors (6144K)
 Metaspace       used 17676K, capacity 18118K, committed 18432K, reserved 1064960K
  class space    used 2085K, capacity 2213K, committed 2304K, reserved 1048576K
}
Event: 8.387 GC heap before
{Heap before GC invocations=4 (full 0):
 garbage-first heap   total 131072K, used 43791K [0x0000000080000000, 0x0000000100000000)
  region size 1024K, 35 young (35840K), 6 survivors (6144K)
 Metaspace       used 20714K, capacity 21186K, committed 21296K, reserved 1069056K
  class space    used 2548K, capacity 2682K, committed 2688K, reserved 1048576K
}
Event: 8.397 GC heap after
{Heap after GC invocations=5 (full 0):
 garbage-first heap   total 131072K, used 17651K [0x0000000080000000, 0x0000000100000000)
  region size 1024K, 2 young (2048K), 2 survivors (2048K)
 Metaspace       used 20714K, capacity 21186K, committed 21296K, reserved 1069056K
  class space    used 2548K, capacity 2682K, committed 2688K, reserved 1048576K
}
Event: 21.206 GC heap before
{Heap before GC invocations=6 (full 0):
 garbage-first heap   total 131072K, used 66803K [0x0000000080000000, 0x0000000100000000)
  region size 1024K, 50 young (51200K), 2 survivors (2048K)
 Metaspace       used 25893K, capacity 26502K, committed 26800K, reserved 1073152K
  class space    used 3342K, capacity 3523K, committed 3584K, reserved 1048576K
}
Event: 21.215 GC heap after
{Heap after GC invocations=7 (full 0):
 garbage-first heap   total 131072K, used 19343K [0x0000000080000000, 0x0000000100000000)
  region size 1024K, 3 young (3072K), 3 survivors (3072K)
 Metaspace       used 25893K, capacity 26502K, committed 26800K, reserved 1073152K
  class space    used 3342K, capacity 3523K, committed 3584K, reserved 1048576K
}
Event: 24.789 GC heap before
{Heap before GC invocations=7 (full 0):
 garbage-first heap   total 131072K, used 72591K [0x0000000080000000, 0x0000000100000000)
  region size 1024K, 56 young (57344K), 3 survivors (3072K)
 Metaspace       used 31515K, capacity 32282K, committed 32304K, reserved 1083392K
  class space    used 4204K, capacity 4477K, committed 4480K, reserved 1048576K
}
Event: 24.804 GC heap after
{Heap after GC invocations=8 (full 0):
 garbage-first heap   total 131072K, used 20941K [0x0000000080000000, 0x0000000100000000)
  region size 1024K, 5 young (5120K), 5 survivors (5120K)
 Metaspace       used 31515K, capacity 32282K, committed 32304K, reserved 1083392K
  class space    used 4204K, capacity 4477K, committed 4480K, reserved 1048576K
}

Deoptimization events (20 events):
Event: 24.460 Thread 0x000001b404388000 Uncommon trap: trap_request=0xffffff4d fr.pc=0x000001b4742d62f8 relative=0x00000000000001d8
Event: 24.460 Thread 0x000001b404388000 Uncommon trap: reason=unstable_if action=reinterpret pc=0x000001b4742d62f8 method=java.lang.String.isLatin1()Z @ 10 c2
Event: 24.460 Thread 0x000001b404388000 DEOPT PACKING pc=0x000001b4742d62f8 sp=0x000000a62baf9b00
Event: 24.460 Thread 0x000001b404388000 DEOPT UNPACKING pc=0x000001b46c85a1af sp=0x000000a62baf9a28 mode 2
Event: 24.461 Thread 0x000001b404388000 Uncommon trap: trap_request=0xffffff45 fr.pc=0x000001b4744153ec relative=0x000000000000020c
Event: 24.461 Thread 0x000001b404388000 Uncommon trap: reason=unstable_fused_if action=reinterpret pc=0x000001b4744153ec method=org.objectweb.asm.ByteVector.putUTF8(Ljava/lang/String;)Lorg/objectweb/asm/ByteVector; @ 93 c2
Event: 24.461 Thread 0x000001b404388000 DEOPT PACKING pc=0x000001b4744153ec sp=0x000000a62baf9ae0
Event: 24.461 Thread 0x000001b404388000 DEOPT UNPACKING pc=0x000001b46c85a1af sp=0x000000a62baf9a60 mode 2
Event: 24.463 Thread 0x000001b404388000 Uncommon trap: trap_request=0xffffff6e fr.pc=0x000001b47441ca4c relative=0x000000000000078c
Event: 24.464 Thread 0x000001b404388000 Uncommon trap: reason=speculate_class_check action=maybe_recompile pc=0x000001b47441ca4c method=java.lang.reflect.Executable.declaredAnnotations()Ljava/util/Map; @ 23 c2
Event: 24.464 Thread 0x000001b404388000 DEOPT PACKING pc=0x000001b47441ca4c sp=0x000000a62baf9c30
Event: 24.464 Thread 0x000001b404388000 DEOPT UNPACKING pc=0x000001b46c85a1af sp=0x000000a62baf9b70 mode 2
Event: 24.539 Thread 0x000001b404388000 Uncommon trap: trap_request=0xffffff4d fr.pc=0x000001b4743ab430 relative=0x00000000000002b0
Event: 24.539 Thread 0x000001b404388000 Uncommon trap: reason=unstable_if action=reinterpret pc=0x000001b4743ab430 method=java.util.HashMap.putVal(ILjava/lang/Object;Ljava/lang/Object;ZZ)Ljava/lang/Object; @ 162 c2
Event: 24.539 Thread 0x000001b404388000 DEOPT PACKING pc=0x000001b4743ab430 sp=0x000000a62bafaad0
Event: 24.539 Thread 0x000001b404388000 DEOPT UNPACKING pc=0x000001b46c85a1af sp=0x000000a62bafa9e0 mode 2
Event: 24.549 Thread 0x000001b404388000 Uncommon trap: trap_request=0xffffff6e fr.pc=0x000001b47441ca4c relative=0x000000000000078c
Event: 24.550 Thread 0x000001b404388000 Uncommon trap: reason=speculate_class_check action=maybe_recompile pc=0x000001b47441ca4c method=java.lang.reflect.Executable.declaredAnnotations()Ljava/util/Map; @ 23 c2
Event: 24.550 Thread 0x000001b404388000 DEOPT PACKING pc=0x000001b47441ca4c sp=0x000000a62bafac60
Event: 24.550 Thread 0x000001b404388000 DEOPT UNPACKING pc=0x000001b46c85a1af sp=0x000000a62bafaba0 mode 2

Classes redefined (0 events):
No events

Internal exceptions (20 events):
Event: 9.835 Thread 0x000001b404388000 Exception <a 'java/lang/NoSuchMethodError'{0x0000000085fbc350}: 'java.lang.Object java.lang.invoke.Invokers$Holder.linkToTargetMethod(java.lang.Object, java.lang.Object, java.lang.Object, java.lang.Object, java.lang.Object, java.lang.Object)'> (0x0000000085fbc350) thrown at [./src/hotspot/share/interpreter/linkResolver.cpp, line 773]
Event: 10.063 Thread 0x000001b404388000 Exception <a 'java/lang/NoSuchMethodError'{0x0000000085545020}: 'int java.lang.invoke.DirectMethodHandle$Holder.invokeStaticInit(java.lang.Object, java.lang.Object, java.lang.Object)'> (0x0000000085545020) thrown at [./src/hotspot/share/interpreter/linkResolver.cpp, line 773]
Event: 21.093 Thread 0x000001b404388000 Exception <a 'java/lang/NoSuchMethodError'{0x00000000850fbc78}: 'void java.lang.invoke.DirectMethodHandle$Holder.invokeStaticInit(java.lang.Object, java.lang.Object)'> (0x00000000850fbc78) thrown at [./src/hotspot/share/interpreter/linkResolver.cpp, line 773]
Event: 21.385 Thread 0x000001b404388000 Exception <a 'java/lang/NoSuchMethodError'{0x0000000087cca770}: 'void java.lang.invoke.DirectMethodHandle$Holder.invokeStatic(java.lang.Object, java.lang.Object, java.lang.Object, java.lang.Object)'> (0x0000000087cca770) thrown at [./src/hotspot/share/interpreter/linkResolver.cpp, line 773]
Event: 21.407 Thread 0x000001b404388000 Exception <a 'java/lang/NoSuchMethodError'{0x0000000087cf9b30}: 'java.lang.Object java.lang.invoke.DirectMethodHandle$Holder.invokeVirtual(java.lang.Object, java.lang.Object, java.lang.Object)'> (0x0000000087cf9b30) thrown at [./src/hotspot/share/interpreter/linkResolver.cpp, line 773]
Event: 21.411 Thread 0x000001b404388000 Exception <a 'java/lang/NoSuchMethodError'{0x0000000087b231b8}: 'int java.lang.invoke.DirectMethodHandle$Holder.invokeVirtual(java.lang.Object, java.lang.Object)'> (0x0000000087b231b8) thrown at [./src/hotspot/share/interpreter/linkResolver.cpp, line 773]
Event: 21.424 Thread 0x000001b404388000 Exception <a 'java/lang/NoSuchMethodError'{0x0000000087b5d6c8}: 'int java.lang.invoke.DirectMethodHandle$Holder.invokeVirtual(java.lang.Object, java.lang.Object, java.lang.Object)'> (0x0000000087b5d6c8) thrown at [./src/hotspot/share/interpreter/linkResolver.cpp, line 773]
Event: 21.476 Thread 0x000001b404388000 Exception <a 'java/lang/NoSuchMethodError'{0x0000000087ac1d10}: 'void java.lang.invoke.DirectMethodHandle$Holder.invokeSpecial(java.lang.Object, java.lang.Object)'> (0x0000000087ac1d10) thrown at [./src/hotspot/share/interpreter/linkResolver.cpp, line 773]
Event: 21.897 Thread 0x000001b404388000 Exception <a 'java/lang/NoSuchMethodError'{0x000000008706b410}: 'java.lang.Object java.lang.invoke.DirectMethodHandle$Holder.invokeSpecialIFC(java.lang.Object, java.lang.Object, java.lang.Object, java.lang.Object)'> (0x000000008706b410) thrown at [./src/hotspot/share/interpreter/linkResolver.cpp, line 773]
Event: 21.924 Thread 0x000001b404388000 Exception <a 'java/lang/NoSuchMethodError'{0x0000000086f7a758}: 'java.lang.Object java.lang.invoke.DirectMethodHandle$Holder.invokeSpecial(java.lang.Object, java.lang.Object, java.lang.Object, java.lang.Object, java.lang.Object, java.lang.Object, java.lang.Object, java.lang.Object, java.lang.Object, java.lang.Object, java.lang.Object, java.lang.Object, java.lang.Object)'> (0x0000000086f7a758) thrown at [./src/hotspot/share/interpreter/linkResolver.cpp, line 773]
Event: 21.929 Thread 0x000001b404388000 Exception <a 'java/lang/NoSuchMethodError'{0x0000000086f8b838}: 'java.lang.Object java.lang.invoke.DirectMethodHandle$Holder.invokeSpecial(java.lang.Object, java.lang.Object, java.lang.Object, java.lang.Object, java.lang.Object, java.lang.Object, java.lang.Object, java.lang.Object, java.lang.Object, java.lang.Object, java.lang.Object, java.lang.Object)'> (0x0000000086f8b838) thrown at [./src/hotspot/share/interpreter/linkResolver.cpp, line 773]
Event: 21.930 Thread 0x000001b404388000 Exception <a 'java/lang/NoSuchMethodError'{0x0000000086f90960}: 'java.lang.Object java.lang.invoke.Invokers$Holder.linkToTargetMethod(java.lang.Object, java.lang.Object, java.lang.Object, java.lang.Object, java.lang.Object, java.lang.Object, java.lang.Object, java.lang.Object, java.lang.Object, java.lang.Object, java.lang.Object)'> (0x0000000086f90960) thrown at [./src/hotspot/share/interpreter/linkResolver.cpp, line 773]
Event: 21.956 Thread 0x000001b404388000 Exception <a 'java/lang/NoSuchMethodError'{0x0000000086ec4bc0}: 'java.lang.Object java.lang.invoke.DirectMethodHandle$Holder.invokeSpecial(java.lang.Object, java.lang.Object, java.lang.Object, java.lang.Object, java.lang.Object, java.lang.Object, java.lang.Object, java.lang.Object, java.lang.Object, java.lang.Object, java.lang.Object, java.lang.Object, java.lang.Object, java.lang.Object)'> (0x0000000086ec4bc0) thrown at [./src/hotspot/share/interpreter/linkResolver.cpp, line 773]
Event: 21.957 Thread 0x000001b404388000 Exception <a 'java/lang/NoSuchMethodError'{0x0000000086ed6238}: 'java.lang.Object java.lang.invoke.Invokers$Holder.linkToTargetMethod(java.lang.Object, java.lang.Object, java.lang.Object, java.lang.Object, java.lang.Object, java.lang.Object, java.lang.Object, java.lang.Object, java.lang.Object, java.lang.Object, java.lang.Object, java.lang.Object)'> (0x0000000086ed6238) thrown at [./src/hotspot/share/interpreter/linkResolver.cpp, line 773]
Event: 21.993 Thread 0x000001b404388000 Exception <a 'java/lang/NoSuchMethodError'{0x0000000086dbad38}: 'java.lang.Object java.lang.invoke.DirectMethodHandle$Holder.invokeStaticInit(java.lang.Object, java.lang.Object, java.lang.Object, java.lang.Object)'> (0x0000000086dbad38) thrown at [./src/hotspot/share/interpreter/linkResolver.cpp, line 773]
Event: 22.279 Thread 0x000001b404388000 Implicit null exception at 0x000001b4743b7a75 to 0x000001b4743b7c3c
Event: 22.279 Thread 0x000001b404388000 Implicit null exception at 0x000001b4743a15af to 0x000001b4743a161d
Event: 22.684 Thread 0x000001b404388000 Exception <a 'java/lang/NoSuchMethodError'{0x0000000085c75a18}: 'java.lang.Object java.lang.invoke.Invokers$Holder.linkToTargetMethod(java.lang.Object, java.lang.Object, java.lang.Object, java.lang.Object, java.lang.Object, java.lang.Object, java.lang.Object, java.lang.Object)'> (0x0000000085c75a18) thrown at [./src/hotspot/share/interpreter/linkResolver.cpp, line 773]
Event: 22.688 Thread 0x000001b404388000 Exception <a 'java/lang/NoSuchMethodError'{0x0000000085cc2208}: 'java.lang.Object java.lang.invoke.Invokers$Holder.linkToTargetMethod(java.lang.Object, java.lang.Object, java.lang.Object, java.lang.Object, java.lang.Object, java.lang.Object, java.lang.Object)'> (0x0000000085cc2208) thrown at [./src/hotspot/share/interpreter/linkResolver.cpp, line 773]
Event: 22.696 Thread 0x000001b404388000 Exception <a 'java/lang/IncompatibleClassChangeError'{0x0000000085b00e98}: Found class java.lang.Object, but interface was expected> (0x0000000085b00e98) thrown at [./src/hotspot/share/interpreter/linkResolver.cpp, line 839]

Events (20 events):
Event: 24.821 loading class groovy/lang/ListWithDefault
Event: 24.821 loading class groovy/lang/ListWithDefault done
Event: 24.822 loading class groovy/lang/groovydoc/Groovydoc
Event: 24.822 loading class groovy/lang/groovydoc/Groovydoc done
Event: 24.822 loading class java/util/TimerTask
Event: 24.822 loading class java/util/TimerTask done
Event: 24.822 loading class java/util/Timer
Event: 24.822 loading class java/util/Timer done
Event: 24.822 loading class groovy/lang/SpreadMap
Event: 24.822 loading class groovy/lang/SpreadMap done
Event: 24.823 loading class java/lang/Process
Event: 24.824 loading class java/lang/Process done
Event: 24.824 loading class groovy/io/FileType
Event: 24.824 loading class groovy/io/FileType done
Event: 24.824 loading class org/codehaus/groovy/runtime/GStringImpl
Event: 24.824 loading class org/codehaus/groovy/runtime/GStringImpl done
Event: 24.831 Executing VM operation: CGC_Operation
Event: 24.836 Executing VM operation: CGC_Operation done
Event: 24.839 loading class org/codehaus/groovy/reflection/ReflectionCache
Event: 24.839 loading class org/codehaus/groovy/reflection/ReflectionCache done


Dynamic libraries:
0x00007ff6dc650000 - 0x00007ff6dc65a000 	C:\Program Files\Android\Android Studio\jre\bin\java.exe
0x00007ffa5b790000 - 0x00007ffa5b988000 	C:\Windows\SYSTEM32\ntdll.dll
0x00007ffa5a670000 - 0x00007ffa5a72f000 	C:\Windows\System32\KERNEL32.DLL
0x00007ffa593e0000 - 0x00007ffa596b2000 	C:\Windows\System32\KERNELBASE.dll
0x00007ffa59190000 - 0x00007ffa59290000 	C:\Windows\System32\ucrtbase.dll
0x00007ffa1f380000 - 0x00007ffa1f399000 	C:\Program Files\Android\Android Studio\jre\bin\jli.dll
0x00007ffa5adc0000 - 0x00007ffa5af61000 	C:\Windows\System32\USER32.dll
0x00007ffa59340000 - 0x00007ffa59362000 	C:\Windows\System32\win32u.dll
0x00007ffa5a510000 - 0x00007ffa5a53b000 	C:\Windows\System32\GDI32.dll
0x00007ffa596c0000 - 0x00007ffa597cf000 	C:\Windows\System32\gdi32full.dll
0x00007ffa58e80000 - 0x00007ffa58f1d000 	C:\Windows\System32\msvcp_win.dll
0x00007ffa414f0000 - 0x00007ffa4178a000 	C:\Windows\WinSxS\amd64_microsoft.windows.common-controls_6595b64144ccf1df_6.0.19041.1110_none_60b5254171f9507e\COMCTL32.dll
0x00007ffa5b140000 - 0x00007ffa5b1de000 	C:\Windows\System32\msvcrt.dll
0x00007ffa19200000 - 0x00007ffa19217000 	C:\Program Files\Android\Android Studio\jre\bin\VCRUNTIME140.dll
0x00007ffa5af70000 - 0x00007ffa5afa2000 	C:\Windows\System32\IMM32.DLL
0x0000000073920000 - 0x000000007392c000 	C:\Program Files (x86)\360\Total Security\safemon\SafeWrapper.dll
0x00007ffa5ad10000 - 0x00007ffa5adbe000 	C:\Windows\System32\ADVAPI32.dll
0x00007ffa59910000 - 0x00007ffa599ac000 	C:\Windows\System32\sechost.dll
0x00007ffa599b0000 - 0x00007ffa59ad5000 	C:\Windows\System32\RPCRT4.dll
0x00007ff9ea2f0000 - 0x00007ff9ea382000 	C:\Program Files (x86)\360\Total Security\safemon\libzdtp64.dll
0x00007ffa59b00000 - 0x00007ffa5a244000 	C:\Windows\System32\SHELL32.dll
0x00007ffa5a730000 - 0x00007ffa5a785000 	C:\Windows\System32\SHLWAPI.dll
0x00007ffa58a10000 - 0x00007ffa58a1a000 	C:\Windows\SYSTEM32\VERSION.dll
0x00007ff9ea250000 - 0x00007ff9ea2ed000 	C:\Program Files\Android\Android Studio\jre\bin\msvcp140.dll
0x00007ff9e80d0000 - 0x00007ff9e8bb5000 	C:\Program Files\Android\Android Studio\jre\bin\server\jvm.dll
0x00007ffa5b0b0000 - 0x00007ffa5b0b8000 	C:\Windows\System32\PSAPI.DLL
0x00007ffa512b0000 - 0x00007ffa512b9000 	C:\Windows\SYSTEM32\WSOCK32.dll
0x00007ffa5b040000 - 0x00007ffa5b0ab000 	C:\Windows\System32\WS2_32.dll
0x00007ffa3eea0000 - 0x00007ffa3eec7000 	C:\Windows\SYSTEM32\WINMM.dll
0x00007ffa56cd0000 - 0x00007ffa56ce2000 	C:\Windows\SYSTEM32\kernel.appcore.dll
0x00007ffa4d160000 - 0x00007ffa4d171000 	C:\Program Files\Android\Android Studio\jre\bin\verify.dll
0x00007ffa52f20000 - 0x00007ffa53104000 	C:\Windows\SYSTEM32\DBGHELP.DLL
0x00007ffa3afc0000 - 0x00007ffa3aff5000 	C:\Windows\SYSTEM32\dbgcore.DLL
0x00007ffa58f20000 - 0x00007ffa58fa2000 	C:\Windows\System32\bcryptPrimitives.dll
0x00007ffa4d130000 - 0x00007ffa4d159000 	C:\Program Files\Android\Android Studio\jre\bin\java.dll
0x00007ffa4d120000 - 0x00007ffa4d12b000 	C:\Program Files\Android\Android Studio\jre\bin\jimage.dll
0x00007ffa40980000 - 0x00007ffa40998000 	C:\Program Files\Android\Android Studio\jre\bin\zip.dll
0x00007ffa56ed0000 - 0x00007ffa57662000 	C:\Windows\SYSTEM32\windows.storage.dll
0x00007ffa5b390000 - 0x00007ffa5b6e5000 	C:\Windows\System32\combase.dll
0x00007ffa58870000 - 0x00007ffa588a0000 	C:\Windows\SYSTEM32\Wldp.dll
0x00007ffa5a460000 - 0x00007ffa5a50d000 	C:\Windows\System32\SHCORE.dll
0x00007ffa58dc0000 - 0x00007ffa58ddf000 	C:\Windows\SYSTEM32\profapi.dll
0x00007ffa2f210000 - 0x00007ffa2f22a000 	C:\Program Files\Android\Android Studio\jre\bin\net.dll
0x00007ffa44390000 - 0x00007ffa4449c000 	C:\Windows\SYSTEM32\WINHTTP.dll
0x00007ffa585d0000 - 0x00007ffa5863a000 	C:\Windows\system32\mswsock.dll
0x00007ffa2f1f0000 - 0x00007ffa2f204000 	C:\Program Files\Android\Android Studio\jre\bin\nio.dll
0x00007ffa1f560000 - 0x00007ffa1f587000 	C:\Users\HP\.gradle\native\e1d6ef7f7dcc3fd88c89a11ec53ec762bb8ba0a96d01ffa2cd45eb1d1d8dd5c5\windows-amd64\native-platform.dll
0x00007ff9e5cf0000 - 0x00007ff9e5e34000 	C:\Users\HP\.gradle\native\5664cfc778a61ccfe75a443a1ab52a65af34e5dc3c78e0209fed803814484fcb\windows-amd64\native-platform-file-events.dll
0x00007ffa4d110000 - 0x00007ffa4d11a000 	C:\Program Files\Android\Android Studio\jre\bin\management.dll
0x00007ffa2ef60000 - 0x00007ffa2ef6d000 	C:\Program Files\Android\Android Studio\jre\bin\management_ext.dll
0x00007ffa587d0000 - 0x00007ffa587e8000 	C:\Windows\SYSTEM32\CRYPTSP.dll
0x00007ffa57e80000 - 0x00007ffa57eb4000 	C:\Windows\system32\rsaenh.dll
0x00007ffa59110000 - 0x00007ffa59137000 	C:\Windows\System32\bcrypt.dll
0x00007ffa58d40000 - 0x00007ffa58d6e000 	C:\Windows\SYSTEM32\USERENV.dll
0x00007ffa587c0000 - 0x00007ffa587cc000 	C:\Windows\SYSTEM32\CRYPTBASE.dll
0x00007ffa58270000 - 0x00007ffa582ab000 	C:\Windows\SYSTEM32\IPHLPAPI.DLL
0x00007ffa59af0000 - 0x00007ffa59af8000 	C:\Windows\System32\NSI.dll
0x00007ffa46120000 - 0x00007ffa46137000 	C:\Windows\SYSTEM32\dhcpcsvc6.DLL
0x00007ffa469f0000 - 0x00007ffa46a0d000 	C:\Windows\SYSTEM32\dhcpcsvc.DLL
0x00007ffa582c0000 - 0x00007ffa5838a000 	C:\Windows\SYSTEM32\DNSAPI.dll

dbghelp: loaded successfully - version: 4.0.5 - missing functions: none
symbol engine: initialized successfully - sym options: 0x614 - pdb path: .;C:\Program Files\Android\Android Studio\jre\bin;C:\Windows\SYSTEM32;C:\Windows\WinSxS\amd64_microsoft.windows.common-controls_6595b64144ccf1df_6.0.19041.1110_none_60b5254171f9507e;C:\Program Files (x86)\360\Total Security\safemon;C:\Program Files\Android\Android Studio\jre\bin\server;C:\Users\HP\.gradle\native\e1d6ef7f7dcc3fd88c89a11ec53ec762bb8ba0a96d01ffa2cd45eb1d1d8dd5c5\windows-amd64;C:\Users\HP\.gradle\native\5664cfc778a61ccfe75a443a1ab52a65af34e5dc3c78e0209fed803814484fcb\windows-amd64

VM Arguments:
jvm_args: --add-opens=java.base/java.util=ALL-UNNAMED --add-opens=java.base/java.lang=ALL-UNNAMED --add-opens=java.base/java.lang.invoke=ALL-UNNAMED --add-opens=java.base/java.util=ALL-UNNAMED --add-opens=java.prefs/java.util.prefs=ALL-UNNAMED --add-opens=java.prefs/java.util.prefs=ALL-UNNAMED --add-opens=java.base/java.nio.charset=ALL-UNNAMED --add-opens=java.base/java.net=ALL-UNNAMED --add-opens=java.base/java.util.concurrent.atomic=ALL-UNNAMED -Xmx2048m -Dfile.encoding=UTF-8 -Duser.country=TR -Duser.language=tr -Duser.variant 
java_command: org.gradle.launcher.daemon.bootstrap.GradleDaemon 7.3.3
java_class_path (initial): C:\Users\HP\.gradle\wrapper\dists\gradle-7.3.3-bin\6a41zxkdtcxs8rphpq6y0069z\gradle-7.3.3\lib\gradle-launcher-7.3.3.jar
Launcher Type: SUN_STANDARD

[Global flags]
     intx CICompilerCount                          = 3                                         {product} {ergonomic}
     uint ConcGCThreads                            = 1                                         {product} {ergonomic}
     uint G1ConcRefinementThreads                  = 4                                         {product} {ergonomic}
   size_t G1HeapRegionSize                         = 1048576                                   {product} {ergonomic}
    uintx GCDrainStackTargetSize                   = 64                                        {product} {ergonomic}
   size_t InitialHeapSize                          = 134217728                                 {product} {ergonomic}
   size_t MarkStackSize                            = 4194304                                   {product} {ergonomic}
   size_t MaxHeapSize                              = 2147483648                                {product} {command line}
   size_t MaxNewSize                               = 1287651328                                {product} {ergonomic}
   size_t MinHeapDeltaBytes                        = 1048576                                   {product} {ergonomic}
    uintx NonNMethodCodeHeapSize                   = 5830732                                {pd product} {ergonomic}
    uintx NonProfiledCodeHeapSize                  = 122913754                              {pd product} {ergonomic}
    uintx ProfiledCodeHeapSize                     = 122913754                              {pd product} {ergonomic}
    uintx ReservedCodeCacheSize                    = 251658240                              {pd product} {ergonomic}
     bool SegmentedCodeCache                       = true                                      {product} {ergonomic}
     bool UseCompressedClassPointers               = true                                 {lp64_product} {ergonomic}
     bool UseCompressedOops                        = true                                 {lp64_product} {ergonomic}
     bool UseG1GC                                  = true                                      {product} {ergonomic}
     bool UseLargePagesIndividualAllocation        = false                                  {pd product} {ergonomic}

Logging:
Log output configuration:
 #0: stdout all=warning uptime,level,tags
 #1: stderr all=off uptime,level,tags

Environment Variables:
JAVA_HOME=C:\Program Files\Java\jdk-17.0.3.1
PATH=C:\Windows\System32\;"C:\Windows\system32;C:\Windows";C:\Users\HP\AppData\Local\Programs\Python\Python38;C:\Users\HP\AppData\Local\Programs\Python\Python38\Scripts;C:\Users\HP\anaconda3;C:\Users\HP\anaconda3\Scripts;
USERNAME=HP
OS=Windows_NT
PROCESSOR_IDENTIFIER=Intel64 Family 6 Model 142 Stepping 9, GenuineIntel



---------------  S Y S T E M  ---------------

OS: Windows 10 , 64 bit Build 19041 (10.0.19041.2364)
OS uptime: 0 days 6:06 hours

CPU:total 4 (initial active 4) (2 cores per cpu, 2 threads per core) family 6 model 142 stepping 9 microcode 0xea, cmov, cx8, fxsr, mmx, sse, sse2, sse3, ssse3, sse4.1, sse4.2, popcnt, avx, avx2, aes, clmul, erms, 3dnowpref, lzcnt, ht, tsc, tscinvbit, bmi1, bmi2, adx, fma

Memory: 4k page, system-wide physical 8083M (178M free)
TotalPageFile size 32659M (AvailPageFile size 0M)
current process WorkingSet (physical memory assigned to process): 192M, peak: 192M
current process commit charge ("private bytes"): 273M, peak: 273M

vm_info: OpenJDK 64-Bit Server VM (11.0.12+7-b1504.28-7817840) for windows-amd64 JRE (11.0.12+7-b1504.28-7817840), built on Oct 13 2021 22:12:33 by "builder" with MS VC++ 14.0 (VS2015)

END.
